ARM GAS  /tmp/cclHWUkb.s 			page 1


   1              		.cpu cortex-m4
   2              		.eabi_attribute 27, 1
   3              		.eabi_attribute 28, 1
   4              		.eabi_attribute 20, 1
   5              		.eabi_attribute 21, 1
   6              		.eabi_attribute 23, 3
   7              		.eabi_attribute 24, 1
   8              		.eabi_attribute 25, 1
   9              		.eabi_attribute 26, 1
  10              		.eabi_attribute 30, 1
  11              		.eabi_attribute 34, 1
  12              		.eabi_attribute 18, 4
  13              		.file	"globals.cpp"
  14              		.text
  15              	.Ltext0:
  16              		.cfi_sections	.debug_frame
  17              		.section	.text._Z6devicev,"ax",%progbits
  18              		.align	1
  19              		.global	_Z6devicev
  20              		.arch armv7e-m
  21              		.syntax unified
  22              		.thumb
  23              		.thumb_func
  24              		.fpu fpv4-sp-d16
  26              	_Z6devicev:
  27              	.LFB3692:
  28              		.file 1 "alohal/globals.cpp"
   1:alohal/globals.cpp **** #include "globals.hpp"
   2:alohal/globals.cpp **** 
   3:alohal/globals.cpp **** #include "device/device.hpp"
   4:alohal/globals.cpp **** 
   5:alohal/globals.cpp **** Device * const device(){
  29              		.loc 1 5 24 view -0
  30              		.cfi_startproc
  31              		@ args = 0, pretend = 0, frame = 0
  32              		@ frame_needed = 0, uses_anonymous_args = 0
  33 0000 08B5     		push	{r3, lr}
  34              	.LCFI0:
  35              		.cfi_def_cfa_offset 8
  36              		.cfi_offset 3, -8
  37              		.cfi_offset 14, -4
   6:alohal/globals.cpp ****     return Device::Instance();
  38              		.loc 1 6 5 view .LVU1
  39              		.loc 1 6 28 is_stmt 0 view .LVU2
  40 0002 FFF7FEFF 		bl	_ZN6Device8InstanceEv
  41              	.LVL0:
   7:alohal/globals.cpp **** }
  42              		.loc 1 7 1 view .LVU3
  43 0006 08BD     		pop	{r3, pc}
  44              		.cfi_endproc
  45              	.LFE3692:
  47              		.text
  48              	.Letext0:
  49              		.file 2 "/opt/gcc-arm-none-eabi-9-2020-q2/arm-none-eabi/include/c++/9.3.1/bits/basic_string.h"
  50              		.file 3 "alohal/globals.hpp"
  51              		.file 4 "/opt/gcc-arm-none-eabi-9-2020-q2/arm-none-eabi/include/c++/9.3.1/type_traits"
  52              		.file 5 "/opt/gcc-arm-none-eabi-9-2020-q2/arm-none-eabi/include/c++/9.3.1/arm-none-eabi/thumb/v7e-
ARM GAS  /tmp/cclHWUkb.s 			page 2


  53              		.file 6 "/opt/gcc-arm-none-eabi-9-2020-q2/arm-none-eabi/include/c++/9.3.1/bits/stl_pair.h"
  54              		.file 7 "/opt/gcc-arm-none-eabi-9-2020-q2/arm-none-eabi/include/c++/9.3.1/debug/debug.h"
  55              		.file 8 "/opt/gcc-arm-none-eabi-9-2020-q2/arm-none-eabi/include/c++/9.3.1/cwchar"
  56              		.file 9 "/opt/gcc-arm-none-eabi-9-2020-q2/arm-none-eabi/include/c++/9.3.1/bits/char_traits.h"
  57              		.file 10 "/opt/gcc-arm-none-eabi-9-2020-q2/arm-none-eabi/include/c++/9.3.1/cstdint"
  58              		.file 11 "/opt/gcc-arm-none-eabi-9-2020-q2/arm-none-eabi/include/c++/9.3.1/bits/exception_ptr.h"
  59              		.file 12 "/opt/gcc-arm-none-eabi-9-2020-q2/arm-none-eabi/include/c++/9.3.1/new"
  60              		.file 13 "/opt/gcc-arm-none-eabi-9-2020-q2/arm-none-eabi/include/c++/9.3.1/bits/allocator.h"
  61              		.file 14 "/opt/gcc-arm-none-eabi-9-2020-q2/arm-none-eabi/include/c++/9.3.1/clocale"
  62              		.file 15 "/opt/gcc-arm-none-eabi-9-2020-q2/arm-none-eabi/include/c++/9.3.1/limits"
  63              		.file 16 "/opt/gcc-arm-none-eabi-9-2020-q2/arm-none-eabi/include/c++/9.3.1/string_view"
  64              		.file 17 "/opt/gcc-arm-none-eabi-9-2020-q2/arm-none-eabi/include/c++/9.3.1/cstdlib"
  65              		.file 18 "/opt/gcc-arm-none-eabi-9-2020-q2/arm-none-eabi/include/c++/9.3.1/cstdio"
  66              		.file 19 "/opt/gcc-arm-none-eabi-9-2020-q2/arm-none-eabi/include/c++/9.3.1/bits/alloc_traits.h"
  67              		.file 20 "/opt/gcc-arm-none-eabi-9-2020-q2/arm-none-eabi/include/c++/9.3.1/initializer_list"
  68              		.file 21 "/opt/gcc-arm-none-eabi-9-2020-q2/arm-none-eabi/include/c++/9.3.1/bits/stringfwd.h"
  69              		.file 22 "/opt/gcc-arm-none-eabi-9-2020-q2/arm-none-eabi/include/c++/9.3.1/utility"
  70              		.file 23 "/opt/gcc-arm-none-eabi-9-2020-q2/arm-none-eabi/include/c++/9.3.1/bits/algorithmfwd.h"
  71              		.file 24 "/opt/gcc-arm-none-eabi-9-2020-q2/arm-none-eabi/include/c++/9.3.1/bits/uses_allocator.h"
  72              		.file 25 "/opt/gcc-arm-none-eabi-9-2020-q2/arm-none-eabi/include/c++/9.3.1/tuple"
  73              		.file 26 "/opt/gcc-arm-none-eabi-9-2020-q2/arm-none-eabi/include/c++/9.3.1/optional"
  74              		.file 27 "/opt/gcc-arm-none-eabi-9-2020-q2/arm-none-eabi/include/c++/9.3.1/bits/stl_function.h"
  75              		.file 28 "/opt/gcc-arm-none-eabi-9-2020-q2/arm-none-eabi/include/c++/9.3.1/functional"
  76              		.file 29 "/opt/gcc-arm-none-eabi-9-2020-q2/arm-none-eabi/include/c++/9.3.1/bits/stl_vector.h"
  77              		.file 30 "/opt/gcc-arm-none-eabi-9-2020-q2/arm-none-eabi/include/c++/9.3.1/bits/vector.tcc"
  78              		.file 31 "/opt/gcc-arm-none-eabi-9-2020-q2/arm-none-eabi/include/c++/9.3.1/bits/stl_iterator_base_
  79              		.file 32 "/opt/gcc-arm-none-eabi-9-2020-q2/arm-none-eabi/include/c++/9.3.1/bits/std_abs.h"
  80              		.file 33 "/opt/gcc-arm-none-eabi-9-2020-q2/arm-none-eabi/include/c++/9.3.1/bits/stl_tree.h"
  81              		.file 34 "/opt/gcc-arm-none-eabi-9-2020-q2/arm-none-eabi/include/c++/9.3.1/bits/stl_map.h"
  82              		.file 35 "/opt/gcc-arm-none-eabi-9-2020-q2/arm-none-eabi/include/c++/9.3.1/bits/predefined_ops.h"
  83              		.file 36 "/opt/gcc-arm-none-eabi-9-2020-q2/arm-none-eabi/include/c++/9.3.1/ext/new_allocator.h"
  84              		.file 37 "/opt/gcc-arm-none-eabi-9-2020-q2/arm-none-eabi/include/c++/9.3.1/ext/numeric_traits.h"
  85              		.file 38 "/opt/gcc-arm-none-eabi-9-2020-q2/arm-none-eabi/include/c++/9.3.1/ext/alloc_traits.h"
  86              		.file 39 "/opt/gcc-arm-none-eabi-9-2020-q2/arm-none-eabi/include/c++/9.3.1/bits/stl_iterator.h"
  87              		.file 40 "/opt/gcc-arm-none-eabi-9-2020-q2/lib/gcc/arm-none-eabi/9.3.1/include/stddef.h"
  88              		.file 41 "/opt/gcc-arm-none-eabi-9-2020-q2/arm-none-eabi/include/machine/_default_types.h"
  89              		.file 42 "/opt/gcc-arm-none-eabi-9-2020-q2/arm-none-eabi/include/sys/_types.h"
  90              		.file 43 "/opt/gcc-arm-none-eabi-9-2020-q2/arm-none-eabi/include/sys/reent.h"
  91              		.file 44 "/opt/gcc-arm-none-eabi-9-2020-q2/arm-none-eabi/include/sys/lock.h"
  92              		.file 45 "/opt/gcc-arm-none-eabi-9-2020-q2/lib/gcc/arm-none-eabi/9.3.1/include/stdarg.h"
  93              		.file 46 "/opt/gcc-arm-none-eabi-9-2020-q2/arm-none-eabi/include/wchar.h"
  94              		.file 47 "/opt/gcc-arm-none-eabi-9-2020-q2/arm-none-eabi/include/sys/_stdint.h"
  95              		.file 48 "/opt/gcc-arm-none-eabi-9-2020-q2/arm-none-eabi/include/stdint.h"
  96              		.file 49 "/opt/gcc-arm-none-eabi-9-2020-q2/arm-none-eabi/include/locale.h"
  97              		.file 50 "/opt/gcc-arm-none-eabi-9-2020-q2/arm-none-eabi/include/ctype.h"
  98              		.file 51 "/opt/gcc-arm-none-eabi-9-2020-q2/arm-none-eabi/include/stdlib.h"
  99              		.file 52 "/opt/gcc-arm-none-eabi-9-2020-q2/arm-none-eabi/include/stdio.h"
 100              		.file 53 "/opt/gcc-arm-none-eabi-9-2020-q2/arm-none-eabi/include/sys/errno.h"
 101              		.file 54 "/opt/gcc-arm-none-eabi-9-2020-q2/arm-none-eabi/include/c++/9.3.1/pstl/execution_defs.h"
 102              		.file 55 "Drivers/CMSIS/Include/core_cm4.h"
 103              		.file 56 "Drivers/CMSIS/Device/ST/STM32L4xx/Include/system_stm32l4xx.h"
 104              		.file 57 "Drivers/CMSIS/Device/ST/STM32L4xx/Include/stm32l452xx.h"
 105              		.file 58 "Drivers/STM32L4xx_HAL_Driver/Inc/stm32l4xx_hal_def.h"
 106              		.file 59 "Drivers/STM32L4xx_HAL_Driver/Inc/stm32l4xx_hal_dma.h"
 107              		.file 60 "Drivers/STM32L4xx_HAL_Driver/Inc/stm32l4xx_hal_flash.h"
 108              		.file 61 "Drivers/STM32L4xx_HAL_Driver/Inc/stm32l4xx_hal_tim.h"
 109              		.file 62 "Drivers/STM32L4xx_HAL_Driver/Inc/stm32l4xx_hal.h"
ARM GAS  /tmp/cclHWUkb.s 			page 3


 110              		.file 63 "alohal/irq/irq_handler.hpp"
 111              		.file 64 "alohal/irq/irq_observer.hpp"
 112              		.file 65 "alohal/uart/serial_line.hpp"
 113              		.file 66 "/opt/gcc-arm-none-eabi-9-2020-q2/arm-none-eabi/include/c++/9.3.1/stdlib.h"
 114              		.file 67 "Middlewares/ST/STM32_USB_Device_Library/Core/Inc/usbd_def.h"
 115              		.file 68 "Middlewares/ST/STM32_USB_Device_Library/Class/CDC/Inc/usbd_cdc.h"
 116              		.file 69 "Inc/usbd_cdc_if.h"
 117              		.file 70 "alohal/usb/cdc_vcp.hpp"
 118              		.file 71 "alohal/mcu/configuration/externs.hpp"
 119              		.file 72 "alohal/timer/TIM_channel.hpp"
 120              		.file 73 "alohal/timer/timer.hpp"
 121              		.file 74 "alohal/irq/irq_multi_handler.hpp"
 122              		.file 75 "alohal/mcu/mcu.hpp"
 123              		.file 76 "alohal/cli/command.hpp"
 124              		.file 77 "alohal/cli/history.hpp"
 125              		.file 78 "alohal/cli/cli.hpp"
 126              		.file 79 "alohal/filesystem/filesystem.hpp"
 127              		.file 80 "alohal/filesystem/entry.hpp"
 128              		.file 81 "alohal/filesystem/directory.hpp"
 129              		.file 82 "alohal/filesystem/executable.hpp"
 130              		.file 83 "alohal/filesystem/file.hpp"
 131              		.file 84 "alohal/misc/text_transform.hpp"
 132              		.file 85 "alohal/events/planner/planner_phase.hpp"
 133              		.file 86 "alohal/events/planner/planner.hpp"
 134              		.file 87 "alohal/device/device.hpp"
 135              		.file 88 "<built-in>"
ARM GAS  /tmp/cclHWUkb.s 			page 4


DEFINED SYMBOLS
                            *ABS*:0000000000000000 globals.cpp
     /tmp/cclHWUkb.s:18     .text._Z6devicev:0000000000000000 $t
     /tmp/cclHWUkb.s:26     .text._Z6devicev:0000000000000000 _Z6devicev

UNDEFINED SYMBOLS
_ZN6Device8InstanceEv
