ARM GAS  /tmp/ccMiDdym.s 			page 1


   1              		.cpu cortex-m4
   2              		.eabi_attribute 27, 1
   3              		.eabi_attribute 28, 1
   4              		.eabi_attribute 20, 1
   5              		.eabi_attribute 21, 1
   6              		.eabi_attribute 23, 3
   7              		.eabi_attribute 24, 1
   8              		.eabi_attribute 25, 1
   9              		.eabi_attribute 26, 1
  10              		.eabi_attribute 30, 1
  11              		.eabi_attribute 34, 1
  12              		.eabi_attribute 18, 4
  13              		.file	"stm32l4xx_hal_msp.c"
  14              		.text
  15              	.Ltext0:
  16              		.cfi_sections	.debug_frame
  17              		.section	.text.HAL_MspInit,"ax",%progbits
  18              		.align	1
  19              		.global	HAL_MspInit
  20              		.arch armv7e-m
  21              		.syntax unified
  22              		.thumb
  23              		.thumb_func
  24              		.fpu fpv4-sp-d16
  26              	HAL_MspInit:
  27              	.LFB292:
  28              		.file 1 "Src/stm32l4xx_hal_msp.c"
   1:Src/stm32l4xx_hal_msp.c **** /* USER CODE BEGIN Header */
   2:Src/stm32l4xx_hal_msp.c **** /**
   3:Src/stm32l4xx_hal_msp.c ****   ******************************************************************************
   4:Src/stm32l4xx_hal_msp.c ****   * @file         stm32l4xx_hal_msp.c
   5:Src/stm32l4xx_hal_msp.c ****   * @brief        This file provides code for the MSP Initialization
   6:Src/stm32l4xx_hal_msp.c ****   *               and de-Initialization codes.
   7:Src/stm32l4xx_hal_msp.c ****   ******************************************************************************
   8:Src/stm32l4xx_hal_msp.c ****   * @attention
   9:Src/stm32l4xx_hal_msp.c ****   *
  10:Src/stm32l4xx_hal_msp.c ****   * <h2><center>&copy; Copyright (c) 2021 STMicroelectronics.
  11:Src/stm32l4xx_hal_msp.c ****   * All rights reserved.</center></h2>
  12:Src/stm32l4xx_hal_msp.c ****   *
  13:Src/stm32l4xx_hal_msp.c ****   * This software component is licensed by ST under Ultimate Liberty license
  14:Src/stm32l4xx_hal_msp.c ****   * SLA0044, the "License"; You may not use this file except in compliance with
  15:Src/stm32l4xx_hal_msp.c ****   * the License. You may obtain a copy of the License at:
  16:Src/stm32l4xx_hal_msp.c ****   *                             www.st.com/SLA0044
  17:Src/stm32l4xx_hal_msp.c ****   *
  18:Src/stm32l4xx_hal_msp.c ****   ******************************************************************************
  19:Src/stm32l4xx_hal_msp.c ****   */
  20:Src/stm32l4xx_hal_msp.c **** /* USER CODE END Header */
  21:Src/stm32l4xx_hal_msp.c **** 
  22:Src/stm32l4xx_hal_msp.c **** /* Includes ------------------------------------------------------------------*/
  23:Src/stm32l4xx_hal_msp.c **** #include "main.h"
  24:Src/stm32l4xx_hal_msp.c **** /* USER CODE BEGIN Includes */
  25:Src/stm32l4xx_hal_msp.c **** 
  26:Src/stm32l4xx_hal_msp.c **** /* USER CODE END Includes */
  27:Src/stm32l4xx_hal_msp.c **** 
  28:Src/stm32l4xx_hal_msp.c **** /* Private typedef -----------------------------------------------------------*/
  29:Src/stm32l4xx_hal_msp.c **** /* USER CODE BEGIN TD */
  30:Src/stm32l4xx_hal_msp.c **** 
ARM GAS  /tmp/ccMiDdym.s 			page 2


  31:Src/stm32l4xx_hal_msp.c **** /* USER CODE END TD */
  32:Src/stm32l4xx_hal_msp.c **** 
  33:Src/stm32l4xx_hal_msp.c **** /* Private define ------------------------------------------------------------*/
  34:Src/stm32l4xx_hal_msp.c **** /* USER CODE BEGIN Define */
  35:Src/stm32l4xx_hal_msp.c **** 
  36:Src/stm32l4xx_hal_msp.c **** /* USER CODE END Define */
  37:Src/stm32l4xx_hal_msp.c **** 
  38:Src/stm32l4xx_hal_msp.c **** /* Private macro -------------------------------------------------------------*/
  39:Src/stm32l4xx_hal_msp.c **** /* USER CODE BEGIN Macro */
  40:Src/stm32l4xx_hal_msp.c **** 
  41:Src/stm32l4xx_hal_msp.c **** /* USER CODE END Macro */
  42:Src/stm32l4xx_hal_msp.c **** 
  43:Src/stm32l4xx_hal_msp.c **** /* Private variables ---------------------------------------------------------*/
  44:Src/stm32l4xx_hal_msp.c **** /* USER CODE BEGIN PV */
  45:Src/stm32l4xx_hal_msp.c **** 
  46:Src/stm32l4xx_hal_msp.c **** /* USER CODE END PV */
  47:Src/stm32l4xx_hal_msp.c **** 
  48:Src/stm32l4xx_hal_msp.c **** /* Private function prototypes -----------------------------------------------*/
  49:Src/stm32l4xx_hal_msp.c **** /* USER CODE BEGIN PFP */
  50:Src/stm32l4xx_hal_msp.c **** 
  51:Src/stm32l4xx_hal_msp.c **** /* USER CODE END PFP */
  52:Src/stm32l4xx_hal_msp.c **** 
  53:Src/stm32l4xx_hal_msp.c **** /* External functions --------------------------------------------------------*/
  54:Src/stm32l4xx_hal_msp.c **** /* USER CODE BEGIN ExternalFunctions */
  55:Src/stm32l4xx_hal_msp.c **** 
  56:Src/stm32l4xx_hal_msp.c **** /* USER CODE END ExternalFunctions */
  57:Src/stm32l4xx_hal_msp.c **** 
  58:Src/stm32l4xx_hal_msp.c **** /* USER CODE BEGIN 0 */
  59:Src/stm32l4xx_hal_msp.c **** 
  60:Src/stm32l4xx_hal_msp.c **** /* USER CODE END 0 */
  61:Src/stm32l4xx_hal_msp.c **** /**
  62:Src/stm32l4xx_hal_msp.c ****   * Initializes the Global MSP.
  63:Src/stm32l4xx_hal_msp.c ****   */
  64:Src/stm32l4xx_hal_msp.c **** void HAL_MspInit(void)
  65:Src/stm32l4xx_hal_msp.c **** {
  29              		.loc 1 65 1 view -0
  30              		.cfi_startproc
  31              		@ args = 0, pretend = 0, frame = 8
  32              		@ frame_needed = 0, uses_anonymous_args = 0
  33              		@ link register save eliminated.
  34 0000 82B0     		sub	sp, sp, #8
  35              	.LCFI0:
  36              		.cfi_def_cfa_offset 8
  66:Src/stm32l4xx_hal_msp.c ****   /* USER CODE BEGIN MspInit 0 */
  67:Src/stm32l4xx_hal_msp.c **** 
  68:Src/stm32l4xx_hal_msp.c ****   /* USER CODE END MspInit 0 */
  69:Src/stm32l4xx_hal_msp.c **** 
  70:Src/stm32l4xx_hal_msp.c ****   __HAL_RCC_SYSCFG_CLK_ENABLE();
  37              		.loc 1 70 3 view .LVU1
  38              	.LBB2:
  39              		.loc 1 70 3 view .LVU2
  40              		.loc 1 70 3 view .LVU3
  41 0002 0A4B     		ldr	r3, .L3
  42 0004 1A6E     		ldr	r2, [r3, #96]
  43 0006 42F00102 		orr	r2, r2, #1
  44 000a 1A66     		str	r2, [r3, #96]
  45              		.loc 1 70 3 view .LVU4
ARM GAS  /tmp/ccMiDdym.s 			page 3


  46 000c 1A6E     		ldr	r2, [r3, #96]
  47 000e 02F00102 		and	r2, r2, #1
  48 0012 0092     		str	r2, [sp]
  49              		.loc 1 70 3 view .LVU5
  50 0014 009A     		ldr	r2, [sp]
  51              	.LBE2:
  52              		.loc 1 70 3 view .LVU6
  71:Src/stm32l4xx_hal_msp.c ****   __HAL_RCC_PWR_CLK_ENABLE();
  53              		.loc 1 71 3 view .LVU7
  54              	.LBB3:
  55              		.loc 1 71 3 view .LVU8
  56              		.loc 1 71 3 view .LVU9
  57 0016 9A6D     		ldr	r2, [r3, #88]
  58 0018 42F08052 		orr	r2, r2, #268435456
  59 001c 9A65     		str	r2, [r3, #88]
  60              		.loc 1 71 3 view .LVU10
  61 001e 9B6D     		ldr	r3, [r3, #88]
  62 0020 03F08053 		and	r3, r3, #268435456
  63 0024 0193     		str	r3, [sp, #4]
  64              		.loc 1 71 3 view .LVU11
  65 0026 019B     		ldr	r3, [sp, #4]
  66              	.LBE3:
  67              		.loc 1 71 3 view .LVU12
  72:Src/stm32l4xx_hal_msp.c **** 
  73:Src/stm32l4xx_hal_msp.c ****   /* System interrupt init*/
  74:Src/stm32l4xx_hal_msp.c **** 
  75:Src/stm32l4xx_hal_msp.c ****   /* USER CODE BEGIN MspInit 1 */
  76:Src/stm32l4xx_hal_msp.c **** 
  77:Src/stm32l4xx_hal_msp.c ****   /* USER CODE END MspInit 1 */
  78:Src/stm32l4xx_hal_msp.c **** }
  68              		.loc 1 78 1 is_stmt 0 view .LVU13
  69 0028 02B0     		add	sp, sp, #8
  70              	.LCFI1:
  71              		.cfi_def_cfa_offset 0
  72              		@ sp needed
  73 002a 7047     		bx	lr
  74              	.L4:
  75              		.align	2
  76              	.L3:
  77 002c 00100240 		.word	1073876992
  78              		.cfi_endproc
  79              	.LFE292:
  81              		.section	.text.HAL_ADC_MspInit,"ax",%progbits
  82              		.align	1
  83              		.global	HAL_ADC_MspInit
  84              		.syntax unified
  85              		.thumb
  86              		.thumb_func
  87              		.fpu fpv4-sp-d16
  89              	HAL_ADC_MspInit:
  90              	.LVL0:
  91              	.LFB293:
  79:Src/stm32l4xx_hal_msp.c **** 
  80:Src/stm32l4xx_hal_msp.c **** /**
  81:Src/stm32l4xx_hal_msp.c **** * @brief ADC MSP Initialization
  82:Src/stm32l4xx_hal_msp.c **** * This function configures the hardware resources used in this example
  83:Src/stm32l4xx_hal_msp.c **** * @param hadc: ADC handle pointer
ARM GAS  /tmp/ccMiDdym.s 			page 4


  84:Src/stm32l4xx_hal_msp.c **** * @retval None
  85:Src/stm32l4xx_hal_msp.c **** */
  86:Src/stm32l4xx_hal_msp.c **** void HAL_ADC_MspInit(ADC_HandleTypeDef* hadc)
  87:Src/stm32l4xx_hal_msp.c **** {
  92              		.loc 1 87 1 is_stmt 1 view -0
  93              		.cfi_startproc
  94              		@ args = 0, pretend = 0, frame = 32
  95              		@ frame_needed = 0, uses_anonymous_args = 0
  96              		.loc 1 87 1 is_stmt 0 view .LVU15
  97 0000 00B5     		push	{lr}
  98              	.LCFI2:
  99              		.cfi_def_cfa_offset 4
 100              		.cfi_offset 14, -4
 101 0002 89B0     		sub	sp, sp, #36
 102              	.LCFI3:
 103              		.cfi_def_cfa_offset 40
  88:Src/stm32l4xx_hal_msp.c ****   GPIO_InitTypeDef GPIO_InitStruct = {0};
 104              		.loc 1 88 3 is_stmt 1 view .LVU16
 105              		.loc 1 88 20 is_stmt 0 view .LVU17
 106 0004 0023     		movs	r3, #0
 107 0006 0393     		str	r3, [sp, #12]
 108 0008 0493     		str	r3, [sp, #16]
 109 000a 0593     		str	r3, [sp, #20]
 110 000c 0693     		str	r3, [sp, #24]
 111 000e 0793     		str	r3, [sp, #28]
  89:Src/stm32l4xx_hal_msp.c ****   if(hadc->Instance==ADC1)
 112              		.loc 1 89 3 is_stmt 1 view .LVU18
 113              		.loc 1 89 10 is_stmt 0 view .LVU19
 114 0010 0268     		ldr	r2, [r0]
 115              		.loc 1 89 5 view .LVU20
 116 0012 144B     		ldr	r3, .L9
 117 0014 9A42     		cmp	r2, r3
 118 0016 02D0     		beq	.L8
 119              	.LVL1:
 120              	.L5:
  90:Src/stm32l4xx_hal_msp.c ****   {
  91:Src/stm32l4xx_hal_msp.c ****   /* USER CODE BEGIN ADC1_MspInit 0 */
  92:Src/stm32l4xx_hal_msp.c **** 
  93:Src/stm32l4xx_hal_msp.c ****   /* USER CODE END ADC1_MspInit 0 */
  94:Src/stm32l4xx_hal_msp.c ****     /* Peripheral clock enable */
  95:Src/stm32l4xx_hal_msp.c ****     __HAL_RCC_ADC_CLK_ENABLE();
  96:Src/stm32l4xx_hal_msp.c **** 
  97:Src/stm32l4xx_hal_msp.c ****     __HAL_RCC_GPIOA_CLK_ENABLE();
  98:Src/stm32l4xx_hal_msp.c ****     /**ADC1 GPIO Configuration
  99:Src/stm32l4xx_hal_msp.c ****     PA4     ------> ADC1_IN9
 100:Src/stm32l4xx_hal_msp.c ****     PA5     ------> ADC1_IN10
 101:Src/stm32l4xx_hal_msp.c ****     */
 102:Src/stm32l4xx_hal_msp.c ****     GPIO_InitStruct.Pin = BAT_V_MON_Pin|CS_MON_Pin;
 103:Src/stm32l4xx_hal_msp.c ****     GPIO_InitStruct.Mode = GPIO_MODE_ANALOG_ADC_CONTROL;
 104:Src/stm32l4xx_hal_msp.c ****     GPIO_InitStruct.Pull = GPIO_NOPULL;
 105:Src/stm32l4xx_hal_msp.c ****     HAL_GPIO_Init(GPIOA, &GPIO_InitStruct);
 106:Src/stm32l4xx_hal_msp.c **** 
 107:Src/stm32l4xx_hal_msp.c ****   /* USER CODE BEGIN ADC1_MspInit 1 */
 108:Src/stm32l4xx_hal_msp.c **** 
 109:Src/stm32l4xx_hal_msp.c ****   /* USER CODE END ADC1_MspInit 1 */
 110:Src/stm32l4xx_hal_msp.c ****   }
 111:Src/stm32l4xx_hal_msp.c **** 
ARM GAS  /tmp/ccMiDdym.s 			page 5


 112:Src/stm32l4xx_hal_msp.c **** }
 121              		.loc 1 112 1 view .LVU21
 122 0018 09B0     		add	sp, sp, #36
 123              	.LCFI4:
 124              		.cfi_remember_state
 125              		.cfi_def_cfa_offset 4
 126              		@ sp needed
 127 001a 5DF804FB 		ldr	pc, [sp], #4
 128              	.LVL2:
 129              	.L8:
 130              	.LCFI5:
 131              		.cfi_restore_state
  95:Src/stm32l4xx_hal_msp.c **** 
 132              		.loc 1 95 5 is_stmt 1 view .LVU22
 133              	.LBB4:
  95:Src/stm32l4xx_hal_msp.c **** 
 134              		.loc 1 95 5 view .LVU23
  95:Src/stm32l4xx_hal_msp.c **** 
 135              		.loc 1 95 5 view .LVU24
 136 001e 03F17043 		add	r3, r3, #-268435456
 137 0022 A3F5F833 		sub	r3, r3, #126976
 138 0026 DA6C     		ldr	r2, [r3, #76]
 139 0028 42F40052 		orr	r2, r2, #8192
 140 002c DA64     		str	r2, [r3, #76]
  95:Src/stm32l4xx_hal_msp.c **** 
 141              		.loc 1 95 5 view .LVU25
 142 002e DA6C     		ldr	r2, [r3, #76]
 143 0030 02F40052 		and	r2, r2, #8192
 144 0034 0192     		str	r2, [sp, #4]
  95:Src/stm32l4xx_hal_msp.c **** 
 145              		.loc 1 95 5 view .LVU26
 146 0036 019A     		ldr	r2, [sp, #4]
 147              	.LBE4:
  95:Src/stm32l4xx_hal_msp.c **** 
 148              		.loc 1 95 5 view .LVU27
  97:Src/stm32l4xx_hal_msp.c ****     /**ADC1 GPIO Configuration
 149              		.loc 1 97 5 view .LVU28
 150              	.LBB5:
  97:Src/stm32l4xx_hal_msp.c ****     /**ADC1 GPIO Configuration
 151              		.loc 1 97 5 view .LVU29
  97:Src/stm32l4xx_hal_msp.c ****     /**ADC1 GPIO Configuration
 152              		.loc 1 97 5 view .LVU30
 153 0038 DA6C     		ldr	r2, [r3, #76]
 154 003a 42F00102 		orr	r2, r2, #1
 155 003e DA64     		str	r2, [r3, #76]
  97:Src/stm32l4xx_hal_msp.c ****     /**ADC1 GPIO Configuration
 156              		.loc 1 97 5 view .LVU31
 157 0040 DB6C     		ldr	r3, [r3, #76]
 158 0042 03F00103 		and	r3, r3, #1
 159 0046 0293     		str	r3, [sp, #8]
  97:Src/stm32l4xx_hal_msp.c ****     /**ADC1 GPIO Configuration
 160              		.loc 1 97 5 view .LVU32
 161 0048 029B     		ldr	r3, [sp, #8]
 162              	.LBE5:
  97:Src/stm32l4xx_hal_msp.c ****     /**ADC1 GPIO Configuration
 163              		.loc 1 97 5 view .LVU33
 102:Src/stm32l4xx_hal_msp.c ****     GPIO_InitStruct.Mode = GPIO_MODE_ANALOG_ADC_CONTROL;
ARM GAS  /tmp/ccMiDdym.s 			page 6


 164              		.loc 1 102 5 view .LVU34
 102:Src/stm32l4xx_hal_msp.c ****     GPIO_InitStruct.Mode = GPIO_MODE_ANALOG_ADC_CONTROL;
 165              		.loc 1 102 25 is_stmt 0 view .LVU35
 166 004a 3023     		movs	r3, #48
 167 004c 0393     		str	r3, [sp, #12]
 103:Src/stm32l4xx_hal_msp.c ****     GPIO_InitStruct.Pull = GPIO_NOPULL;
 168              		.loc 1 103 5 is_stmt 1 view .LVU36
 103:Src/stm32l4xx_hal_msp.c ****     GPIO_InitStruct.Pull = GPIO_NOPULL;
 169              		.loc 1 103 26 is_stmt 0 view .LVU37
 170 004e 0B23     		movs	r3, #11
 171 0050 0493     		str	r3, [sp, #16]
 104:Src/stm32l4xx_hal_msp.c ****     HAL_GPIO_Init(GPIOA, &GPIO_InitStruct);
 172              		.loc 1 104 5 is_stmt 1 view .LVU38
 104:Src/stm32l4xx_hal_msp.c ****     HAL_GPIO_Init(GPIOA, &GPIO_InitStruct);
 173              		.loc 1 104 26 is_stmt 0 view .LVU39
 174 0052 0023     		movs	r3, #0
 175 0054 0593     		str	r3, [sp, #20]
 105:Src/stm32l4xx_hal_msp.c **** 
 176              		.loc 1 105 5 is_stmt 1 view .LVU40
 177 0056 03A9     		add	r1, sp, #12
 178 0058 4FF09040 		mov	r0, #1207959552
 179              	.LVL3:
 105:Src/stm32l4xx_hal_msp.c **** 
 180              		.loc 1 105 5 is_stmt 0 view .LVU41
 181 005c FFF7FEFF 		bl	HAL_GPIO_Init
 182              	.LVL4:
 183              		.loc 1 112 1 view .LVU42
 184 0060 DAE7     		b	.L5
 185              	.L10:
 186 0062 00BF     		.align	2
 187              	.L9:
 188 0064 00000450 		.word	1342439424
 189              		.cfi_endproc
 190              	.LFE293:
 192              		.section	.text.HAL_ADC_MspDeInit,"ax",%progbits
 193              		.align	1
 194              		.global	HAL_ADC_MspDeInit
 195              		.syntax unified
 196              		.thumb
 197              		.thumb_func
 198              		.fpu fpv4-sp-d16
 200              	HAL_ADC_MspDeInit:
 201              	.LVL5:
 202              	.LFB294:
 113:Src/stm32l4xx_hal_msp.c **** 
 114:Src/stm32l4xx_hal_msp.c **** /**
 115:Src/stm32l4xx_hal_msp.c **** * @brief ADC MSP De-Initialization
 116:Src/stm32l4xx_hal_msp.c **** * This function freeze the hardware resources used in this example
 117:Src/stm32l4xx_hal_msp.c **** * @param hadc: ADC handle pointer
 118:Src/stm32l4xx_hal_msp.c **** * @retval None
 119:Src/stm32l4xx_hal_msp.c **** */
 120:Src/stm32l4xx_hal_msp.c **** void HAL_ADC_MspDeInit(ADC_HandleTypeDef* hadc)
 121:Src/stm32l4xx_hal_msp.c **** {
 203              		.loc 1 121 1 is_stmt 1 view -0
 204              		.cfi_startproc
 205              		@ args = 0, pretend = 0, frame = 0
 206              		@ frame_needed = 0, uses_anonymous_args = 0
ARM GAS  /tmp/ccMiDdym.s 			page 7


 207              		.loc 1 121 1 is_stmt 0 view .LVU44
 208 0000 08B5     		push	{r3, lr}
 209              	.LCFI6:
 210              		.cfi_def_cfa_offset 8
 211              		.cfi_offset 3, -8
 212              		.cfi_offset 14, -4
 122:Src/stm32l4xx_hal_msp.c ****   if(hadc->Instance==ADC1)
 213              		.loc 1 122 3 is_stmt 1 view .LVU45
 214              		.loc 1 122 10 is_stmt 0 view .LVU46
 215 0002 0268     		ldr	r2, [r0]
 216              		.loc 1 122 5 view .LVU47
 217 0004 074B     		ldr	r3, .L15
 218 0006 9A42     		cmp	r2, r3
 219 0008 00D0     		beq	.L14
 220              	.LVL6:
 221              	.L11:
 123:Src/stm32l4xx_hal_msp.c ****   {
 124:Src/stm32l4xx_hal_msp.c ****   /* USER CODE BEGIN ADC1_MspDeInit 0 */
 125:Src/stm32l4xx_hal_msp.c **** 
 126:Src/stm32l4xx_hal_msp.c ****   /* USER CODE END ADC1_MspDeInit 0 */
 127:Src/stm32l4xx_hal_msp.c ****     /* Peripheral clock disable */
 128:Src/stm32l4xx_hal_msp.c ****     __HAL_RCC_ADC_CLK_DISABLE();
 129:Src/stm32l4xx_hal_msp.c **** 
 130:Src/stm32l4xx_hal_msp.c ****     /**ADC1 GPIO Configuration
 131:Src/stm32l4xx_hal_msp.c ****     PA4     ------> ADC1_IN9
 132:Src/stm32l4xx_hal_msp.c ****     PA5     ------> ADC1_IN10
 133:Src/stm32l4xx_hal_msp.c ****     */
 134:Src/stm32l4xx_hal_msp.c ****     HAL_GPIO_DeInit(GPIOA, BAT_V_MON_Pin|CS_MON_Pin);
 135:Src/stm32l4xx_hal_msp.c **** 
 136:Src/stm32l4xx_hal_msp.c ****   /* USER CODE BEGIN ADC1_MspDeInit 1 */
 137:Src/stm32l4xx_hal_msp.c **** 
 138:Src/stm32l4xx_hal_msp.c ****   /* USER CODE END ADC1_MspDeInit 1 */
 139:Src/stm32l4xx_hal_msp.c ****   }
 140:Src/stm32l4xx_hal_msp.c **** 
 141:Src/stm32l4xx_hal_msp.c **** }
 222              		.loc 1 141 1 view .LVU48
 223 000a 08BD     		pop	{r3, pc}
 224              	.LVL7:
 225              	.L14:
 128:Src/stm32l4xx_hal_msp.c **** 
 226              		.loc 1 128 5 is_stmt 1 view .LVU49
 227 000c 064A     		ldr	r2, .L15+4
 228 000e D36C     		ldr	r3, [r2, #76]
 229 0010 23F40053 		bic	r3, r3, #8192
 230 0014 D364     		str	r3, [r2, #76]
 134:Src/stm32l4xx_hal_msp.c **** 
 231              		.loc 1 134 5 view .LVU50
 232 0016 3021     		movs	r1, #48
 233 0018 4FF09040 		mov	r0, #1207959552
 234              	.LVL8:
 134:Src/stm32l4xx_hal_msp.c **** 
 235              		.loc 1 134 5 is_stmt 0 view .LVU51
 236 001c FFF7FEFF 		bl	HAL_GPIO_DeInit
 237              	.LVL9:
 238              		.loc 1 141 1 view .LVU52
 239 0020 F3E7     		b	.L11
 240              	.L16:
ARM GAS  /tmp/ccMiDdym.s 			page 8


 241 0022 00BF     		.align	2
 242              	.L15:
 243 0024 00000450 		.word	1342439424
 244 0028 00100240 		.word	1073876992
 245              		.cfi_endproc
 246              	.LFE294:
 248              		.section	.text.HAL_I2C_MspInit,"ax",%progbits
 249              		.align	1
 250              		.global	HAL_I2C_MspInit
 251              		.syntax unified
 252              		.thumb
 253              		.thumb_func
 254              		.fpu fpv4-sp-d16
 256              	HAL_I2C_MspInit:
 257              	.LVL10:
 258              	.LFB295:
 142:Src/stm32l4xx_hal_msp.c **** 
 143:Src/stm32l4xx_hal_msp.c **** /**
 144:Src/stm32l4xx_hal_msp.c **** * @brief I2C MSP Initialization
 145:Src/stm32l4xx_hal_msp.c **** * This function configures the hardware resources used in this example
 146:Src/stm32l4xx_hal_msp.c **** * @param hi2c: I2C handle pointer
 147:Src/stm32l4xx_hal_msp.c **** * @retval None
 148:Src/stm32l4xx_hal_msp.c **** */
 149:Src/stm32l4xx_hal_msp.c **** void HAL_I2C_MspInit(I2C_HandleTypeDef* hi2c)
 150:Src/stm32l4xx_hal_msp.c **** {
 259              		.loc 1 150 1 is_stmt 1 view -0
 260              		.cfi_startproc
 261              		@ args = 0, pretend = 0, frame = 32
 262              		@ frame_needed = 0, uses_anonymous_args = 0
 263              		.loc 1 150 1 is_stmt 0 view .LVU54
 264 0000 10B5     		push	{r4, lr}
 265              	.LCFI7:
 266              		.cfi_def_cfa_offset 8
 267              		.cfi_offset 4, -8
 268              		.cfi_offset 14, -4
 269 0002 88B0     		sub	sp, sp, #32
 270              	.LCFI8:
 271              		.cfi_def_cfa_offset 40
 151:Src/stm32l4xx_hal_msp.c ****   GPIO_InitTypeDef GPIO_InitStruct = {0};
 272              		.loc 1 151 3 is_stmt 1 view .LVU55
 273              		.loc 1 151 20 is_stmt 0 view .LVU56
 274 0004 0023     		movs	r3, #0
 275 0006 0393     		str	r3, [sp, #12]
 276 0008 0493     		str	r3, [sp, #16]
 277 000a 0593     		str	r3, [sp, #20]
 278 000c 0693     		str	r3, [sp, #24]
 279 000e 0793     		str	r3, [sp, #28]
 152:Src/stm32l4xx_hal_msp.c ****   if(hi2c->Instance==I2C1)
 280              		.loc 1 152 3 is_stmt 1 view .LVU57
 281              		.loc 1 152 10 is_stmt 0 view .LVU58
 282 0010 0268     		ldr	r2, [r0]
 283              		.loc 1 152 5 view .LVU59
 284 0012 144B     		ldr	r3, .L21
 285 0014 9A42     		cmp	r2, r3
 286 0016 01D0     		beq	.L20
 287              	.LVL11:
 288              	.L17:
ARM GAS  /tmp/ccMiDdym.s 			page 9


 153:Src/stm32l4xx_hal_msp.c ****   {
 154:Src/stm32l4xx_hal_msp.c ****   /* USER CODE BEGIN I2C1_MspInit 0 */
 155:Src/stm32l4xx_hal_msp.c **** 
 156:Src/stm32l4xx_hal_msp.c ****   /* USER CODE END I2C1_MspInit 0 */
 157:Src/stm32l4xx_hal_msp.c **** 
 158:Src/stm32l4xx_hal_msp.c ****     __HAL_RCC_GPIOA_CLK_ENABLE();
 159:Src/stm32l4xx_hal_msp.c ****     /**I2C1 GPIO Configuration
 160:Src/stm32l4xx_hal_msp.c ****     PA9     ------> I2C1_SCL
 161:Src/stm32l4xx_hal_msp.c ****     PA10     ------> I2C1_SDA
 162:Src/stm32l4xx_hal_msp.c ****     */
 163:Src/stm32l4xx_hal_msp.c ****     GPIO_InitStruct.Pin = GPIO_PIN_9|GPIO_PIN_10;
 164:Src/stm32l4xx_hal_msp.c ****     GPIO_InitStruct.Mode = GPIO_MODE_AF_OD;
 165:Src/stm32l4xx_hal_msp.c ****     GPIO_InitStruct.Pull = GPIO_PULLUP;
 166:Src/stm32l4xx_hal_msp.c ****     GPIO_InitStruct.Speed = GPIO_SPEED_FREQ_VERY_HIGH;
 167:Src/stm32l4xx_hal_msp.c ****     GPIO_InitStruct.Alternate = GPIO_AF4_I2C1;
 168:Src/stm32l4xx_hal_msp.c ****     HAL_GPIO_Init(GPIOA, &GPIO_InitStruct);
 169:Src/stm32l4xx_hal_msp.c **** 
 170:Src/stm32l4xx_hal_msp.c ****     /* Peripheral clock enable */
 171:Src/stm32l4xx_hal_msp.c ****     __HAL_RCC_I2C1_CLK_ENABLE();
 172:Src/stm32l4xx_hal_msp.c ****   /* USER CODE BEGIN I2C1_MspInit 1 */
 173:Src/stm32l4xx_hal_msp.c **** 
 174:Src/stm32l4xx_hal_msp.c ****   /* USER CODE END I2C1_MspInit 1 */
 175:Src/stm32l4xx_hal_msp.c ****   }
 176:Src/stm32l4xx_hal_msp.c **** 
 177:Src/stm32l4xx_hal_msp.c **** }
 289              		.loc 1 177 1 view .LVU60
 290 0018 08B0     		add	sp, sp, #32
 291              	.LCFI9:
 292              		.cfi_remember_state
 293              		.cfi_def_cfa_offset 8
 294              		@ sp needed
 295 001a 10BD     		pop	{r4, pc}
 296              	.LVL12:
 297              	.L20:
 298              	.LCFI10:
 299              		.cfi_restore_state
 158:Src/stm32l4xx_hal_msp.c ****     /**I2C1 GPIO Configuration
 300              		.loc 1 158 5 is_stmt 1 view .LVU61
 301              	.LBB6:
 158:Src/stm32l4xx_hal_msp.c ****     /**I2C1 GPIO Configuration
 302              		.loc 1 158 5 view .LVU62
 158:Src/stm32l4xx_hal_msp.c ****     /**I2C1 GPIO Configuration
 303              		.loc 1 158 5 view .LVU63
 304 001c 124C     		ldr	r4, .L21+4
 305 001e E36C     		ldr	r3, [r4, #76]
 306 0020 43F00103 		orr	r3, r3, #1
 307 0024 E364     		str	r3, [r4, #76]
 158:Src/stm32l4xx_hal_msp.c ****     /**I2C1 GPIO Configuration
 308              		.loc 1 158 5 view .LVU64
 309 0026 E36C     		ldr	r3, [r4, #76]
 310 0028 03F00103 		and	r3, r3, #1
 311 002c 0193     		str	r3, [sp, #4]
 158:Src/stm32l4xx_hal_msp.c ****     /**I2C1 GPIO Configuration
 312              		.loc 1 158 5 view .LVU65
 313 002e 019B     		ldr	r3, [sp, #4]
 314              	.LBE6:
 158:Src/stm32l4xx_hal_msp.c ****     /**I2C1 GPIO Configuration
ARM GAS  /tmp/ccMiDdym.s 			page 10


 315              		.loc 1 158 5 view .LVU66
 163:Src/stm32l4xx_hal_msp.c ****     GPIO_InitStruct.Mode = GPIO_MODE_AF_OD;
 316              		.loc 1 163 5 view .LVU67
 163:Src/stm32l4xx_hal_msp.c ****     GPIO_InitStruct.Mode = GPIO_MODE_AF_OD;
 317              		.loc 1 163 25 is_stmt 0 view .LVU68
 318 0030 4FF4C063 		mov	r3, #1536
 319 0034 0393     		str	r3, [sp, #12]
 164:Src/stm32l4xx_hal_msp.c ****     GPIO_InitStruct.Pull = GPIO_PULLUP;
 320              		.loc 1 164 5 is_stmt 1 view .LVU69
 164:Src/stm32l4xx_hal_msp.c ****     GPIO_InitStruct.Pull = GPIO_PULLUP;
 321              		.loc 1 164 26 is_stmt 0 view .LVU70
 322 0036 1223     		movs	r3, #18
 323 0038 0493     		str	r3, [sp, #16]
 165:Src/stm32l4xx_hal_msp.c ****     GPIO_InitStruct.Speed = GPIO_SPEED_FREQ_VERY_HIGH;
 324              		.loc 1 165 5 is_stmt 1 view .LVU71
 165:Src/stm32l4xx_hal_msp.c ****     GPIO_InitStruct.Speed = GPIO_SPEED_FREQ_VERY_HIGH;
 325              		.loc 1 165 26 is_stmt 0 view .LVU72
 326 003a 0123     		movs	r3, #1
 327 003c 0593     		str	r3, [sp, #20]
 166:Src/stm32l4xx_hal_msp.c ****     GPIO_InitStruct.Alternate = GPIO_AF4_I2C1;
 328              		.loc 1 166 5 is_stmt 1 view .LVU73
 166:Src/stm32l4xx_hal_msp.c ****     GPIO_InitStruct.Alternate = GPIO_AF4_I2C1;
 329              		.loc 1 166 27 is_stmt 0 view .LVU74
 330 003e 0323     		movs	r3, #3
 331 0040 0693     		str	r3, [sp, #24]
 167:Src/stm32l4xx_hal_msp.c ****     HAL_GPIO_Init(GPIOA, &GPIO_InitStruct);
 332              		.loc 1 167 5 is_stmt 1 view .LVU75
 167:Src/stm32l4xx_hal_msp.c ****     HAL_GPIO_Init(GPIOA, &GPIO_InitStruct);
 333              		.loc 1 167 31 is_stmt 0 view .LVU76
 334 0042 0423     		movs	r3, #4
 335 0044 0793     		str	r3, [sp, #28]
 168:Src/stm32l4xx_hal_msp.c **** 
 336              		.loc 1 168 5 is_stmt 1 view .LVU77
 337 0046 03A9     		add	r1, sp, #12
 338 0048 4FF09040 		mov	r0, #1207959552
 339              	.LVL13:
 168:Src/stm32l4xx_hal_msp.c **** 
 340              		.loc 1 168 5 is_stmt 0 view .LVU78
 341 004c FFF7FEFF 		bl	HAL_GPIO_Init
 342              	.LVL14:
 171:Src/stm32l4xx_hal_msp.c ****   /* USER CODE BEGIN I2C1_MspInit 1 */
 343              		.loc 1 171 5 is_stmt 1 view .LVU79
 344              	.LBB7:
 171:Src/stm32l4xx_hal_msp.c ****   /* USER CODE BEGIN I2C1_MspInit 1 */
 345              		.loc 1 171 5 view .LVU80
 171:Src/stm32l4xx_hal_msp.c ****   /* USER CODE BEGIN I2C1_MspInit 1 */
 346              		.loc 1 171 5 view .LVU81
 347 0050 A36D     		ldr	r3, [r4, #88]
 348 0052 43F40013 		orr	r3, r3, #2097152
 349 0056 A365     		str	r3, [r4, #88]
 171:Src/stm32l4xx_hal_msp.c ****   /* USER CODE BEGIN I2C1_MspInit 1 */
 350              		.loc 1 171 5 view .LVU82
 351 0058 A36D     		ldr	r3, [r4, #88]
 352 005a 03F40013 		and	r3, r3, #2097152
 353 005e 0293     		str	r3, [sp, #8]
 171:Src/stm32l4xx_hal_msp.c ****   /* USER CODE BEGIN I2C1_MspInit 1 */
 354              		.loc 1 171 5 view .LVU83
ARM GAS  /tmp/ccMiDdym.s 			page 11


 355 0060 029B     		ldr	r3, [sp, #8]
 356              	.LBE7:
 171:Src/stm32l4xx_hal_msp.c ****   /* USER CODE BEGIN I2C1_MspInit 1 */
 357              		.loc 1 171 5 view .LVU84
 358              		.loc 1 177 1 is_stmt 0 view .LVU85
 359 0062 D9E7     		b	.L17
 360              	.L22:
 361              		.align	2
 362              	.L21:
 363 0064 00540040 		.word	1073763328
 364 0068 00100240 		.word	1073876992
 365              		.cfi_endproc
 366              	.LFE295:
 368              		.section	.text.HAL_I2C_MspDeInit,"ax",%progbits
 369              		.align	1
 370              		.global	HAL_I2C_MspDeInit
 371              		.syntax unified
 372              		.thumb
 373              		.thumb_func
 374              		.fpu fpv4-sp-d16
 376              	HAL_I2C_MspDeInit:
 377              	.LVL15:
 378              	.LFB296:
 178:Src/stm32l4xx_hal_msp.c **** 
 179:Src/stm32l4xx_hal_msp.c **** /**
 180:Src/stm32l4xx_hal_msp.c **** * @brief I2C MSP De-Initialization
 181:Src/stm32l4xx_hal_msp.c **** * This function freeze the hardware resources used in this example
 182:Src/stm32l4xx_hal_msp.c **** * @param hi2c: I2C handle pointer
 183:Src/stm32l4xx_hal_msp.c **** * @retval None
 184:Src/stm32l4xx_hal_msp.c **** */
 185:Src/stm32l4xx_hal_msp.c **** void HAL_I2C_MspDeInit(I2C_HandleTypeDef* hi2c)
 186:Src/stm32l4xx_hal_msp.c **** {
 379              		.loc 1 186 1 is_stmt 1 view -0
 380              		.cfi_startproc
 381              		@ args = 0, pretend = 0, frame = 0
 382              		@ frame_needed = 0, uses_anonymous_args = 0
 383              		.loc 1 186 1 is_stmt 0 view .LVU87
 384 0000 08B5     		push	{r3, lr}
 385              	.LCFI11:
 386              		.cfi_def_cfa_offset 8
 387              		.cfi_offset 3, -8
 388              		.cfi_offset 14, -4
 187:Src/stm32l4xx_hal_msp.c ****   if(hi2c->Instance==I2C1)
 389              		.loc 1 187 3 is_stmt 1 view .LVU88
 390              		.loc 1 187 10 is_stmt 0 view .LVU89
 391 0002 0268     		ldr	r2, [r0]
 392              		.loc 1 187 5 view .LVU90
 393 0004 0A4B     		ldr	r3, .L27
 394 0006 9A42     		cmp	r2, r3
 395 0008 00D0     		beq	.L26
 396              	.LVL16:
 397              	.L23:
 188:Src/stm32l4xx_hal_msp.c ****   {
 189:Src/stm32l4xx_hal_msp.c ****   /* USER CODE BEGIN I2C1_MspDeInit 0 */
 190:Src/stm32l4xx_hal_msp.c **** 
 191:Src/stm32l4xx_hal_msp.c ****   /* USER CODE END I2C1_MspDeInit 0 */
 192:Src/stm32l4xx_hal_msp.c ****     /* Peripheral clock disable */
ARM GAS  /tmp/ccMiDdym.s 			page 12


 193:Src/stm32l4xx_hal_msp.c ****     __HAL_RCC_I2C1_CLK_DISABLE();
 194:Src/stm32l4xx_hal_msp.c **** 
 195:Src/stm32l4xx_hal_msp.c ****     /**I2C1 GPIO Configuration
 196:Src/stm32l4xx_hal_msp.c ****     PA9     ------> I2C1_SCL
 197:Src/stm32l4xx_hal_msp.c ****     PA10     ------> I2C1_SDA
 198:Src/stm32l4xx_hal_msp.c ****     */
 199:Src/stm32l4xx_hal_msp.c ****     HAL_GPIO_DeInit(GPIOA, GPIO_PIN_9);
 200:Src/stm32l4xx_hal_msp.c **** 
 201:Src/stm32l4xx_hal_msp.c ****     HAL_GPIO_DeInit(GPIOA, GPIO_PIN_10);
 202:Src/stm32l4xx_hal_msp.c **** 
 203:Src/stm32l4xx_hal_msp.c ****   /* USER CODE BEGIN I2C1_MspDeInit 1 */
 204:Src/stm32l4xx_hal_msp.c **** 
 205:Src/stm32l4xx_hal_msp.c ****   /* USER CODE END I2C1_MspDeInit 1 */
 206:Src/stm32l4xx_hal_msp.c ****   }
 207:Src/stm32l4xx_hal_msp.c **** 
 208:Src/stm32l4xx_hal_msp.c **** }
 398              		.loc 1 208 1 view .LVU91
 399 000a 08BD     		pop	{r3, pc}
 400              	.LVL17:
 401              	.L26:
 193:Src/stm32l4xx_hal_msp.c **** 
 402              		.loc 1 193 5 is_stmt 1 view .LVU92
 403 000c 094A     		ldr	r2, .L27+4
 404 000e 936D     		ldr	r3, [r2, #88]
 405 0010 23F40013 		bic	r3, r3, #2097152
 406 0014 9365     		str	r3, [r2, #88]
 199:Src/stm32l4xx_hal_msp.c **** 
 407              		.loc 1 199 5 view .LVU93
 408 0016 4FF40071 		mov	r1, #512
 409 001a 4FF09040 		mov	r0, #1207959552
 410              	.LVL18:
 199:Src/stm32l4xx_hal_msp.c **** 
 411              		.loc 1 199 5 is_stmt 0 view .LVU94
 412 001e FFF7FEFF 		bl	HAL_GPIO_DeInit
 413              	.LVL19:
 201:Src/stm32l4xx_hal_msp.c **** 
 414              		.loc 1 201 5 is_stmt 1 view .LVU95
 415 0022 4FF48061 		mov	r1, #1024
 416 0026 4FF09040 		mov	r0, #1207959552
 417 002a FFF7FEFF 		bl	HAL_GPIO_DeInit
 418              	.LVL20:
 419              		.loc 1 208 1 is_stmt 0 view .LVU96
 420 002e ECE7     		b	.L23
 421              	.L28:
 422              		.align	2
 423              	.L27:
 424 0030 00540040 		.word	1073763328
 425 0034 00100240 		.word	1073876992
 426              		.cfi_endproc
 427              	.LFE296:
 429              		.section	.text.HAL_UART_MspInit,"ax",%progbits
 430              		.align	1
 431              		.global	HAL_UART_MspInit
 432              		.syntax unified
 433              		.thumb
 434              		.thumb_func
 435              		.fpu fpv4-sp-d16
ARM GAS  /tmp/ccMiDdym.s 			page 13


 437              	HAL_UART_MspInit:
 438              	.LVL21:
 439              	.LFB297:
 209:Src/stm32l4xx_hal_msp.c **** 
 210:Src/stm32l4xx_hal_msp.c **** /**
 211:Src/stm32l4xx_hal_msp.c **** * @brief UART MSP Initialization
 212:Src/stm32l4xx_hal_msp.c **** * This function configures the hardware resources used in this example
 213:Src/stm32l4xx_hal_msp.c **** * @param huart: UART handle pointer
 214:Src/stm32l4xx_hal_msp.c **** * @retval None
 215:Src/stm32l4xx_hal_msp.c **** */
 216:Src/stm32l4xx_hal_msp.c **** void HAL_UART_MspInit(UART_HandleTypeDef* huart)
 217:Src/stm32l4xx_hal_msp.c **** {
 440              		.loc 1 217 1 is_stmt 1 view -0
 441              		.cfi_startproc
 442              		@ args = 0, pretend = 0, frame = 40
 443              		@ frame_needed = 0, uses_anonymous_args = 0
 444              		.loc 1 217 1 is_stmt 0 view .LVU98
 445 0000 00B5     		push	{lr}
 446              	.LCFI12:
 447              		.cfi_def_cfa_offset 4
 448              		.cfi_offset 14, -4
 449 0002 8BB0     		sub	sp, sp, #44
 450              	.LCFI13:
 451              		.cfi_def_cfa_offset 48
 218:Src/stm32l4xx_hal_msp.c ****   GPIO_InitTypeDef GPIO_InitStruct = {0};
 452              		.loc 1 218 3 is_stmt 1 view .LVU99
 453              		.loc 1 218 20 is_stmt 0 view .LVU100
 454 0004 0023     		movs	r3, #0
 455 0006 0593     		str	r3, [sp, #20]
 456 0008 0693     		str	r3, [sp, #24]
 457 000a 0793     		str	r3, [sp, #28]
 458 000c 0893     		str	r3, [sp, #32]
 459 000e 0993     		str	r3, [sp, #36]
 219:Src/stm32l4xx_hal_msp.c ****   if(huart->Instance==LPUART1)
 460              		.loc 1 219 3 is_stmt 1 view .LVU101
 461              		.loc 1 219 11 is_stmt 0 view .LVU102
 462 0010 0368     		ldr	r3, [r0]
 463              		.loc 1 219 5 view .LVU103
 464 0012 274A     		ldr	r2, .L35
 465 0014 9342     		cmp	r3, r2
 466 0016 05D0     		beq	.L33
 220:Src/stm32l4xx_hal_msp.c ****   {
 221:Src/stm32l4xx_hal_msp.c ****   /* USER CODE BEGIN LPUART1_MspInit 0 */
 222:Src/stm32l4xx_hal_msp.c **** 
 223:Src/stm32l4xx_hal_msp.c ****   /* USER CODE END LPUART1_MspInit 0 */
 224:Src/stm32l4xx_hal_msp.c ****     /* Peripheral clock enable */
 225:Src/stm32l4xx_hal_msp.c ****     __HAL_RCC_LPUART1_CLK_ENABLE();
 226:Src/stm32l4xx_hal_msp.c **** 
 227:Src/stm32l4xx_hal_msp.c ****     __HAL_RCC_GPIOA_CLK_ENABLE();
 228:Src/stm32l4xx_hal_msp.c ****     /**LPUART1 GPIO Configuration
 229:Src/stm32l4xx_hal_msp.c ****     PA2     ------> LPUART1_TX
 230:Src/stm32l4xx_hal_msp.c ****     PA3     ------> LPUART1_RX
 231:Src/stm32l4xx_hal_msp.c ****     */
 232:Src/stm32l4xx_hal_msp.c ****     GPIO_InitStruct.Pin = BL_TX_LP_Pin|BL_RX_LP_Pin;
 233:Src/stm32l4xx_hal_msp.c ****     GPIO_InitStruct.Mode = GPIO_MODE_AF_PP;
 234:Src/stm32l4xx_hal_msp.c ****     GPIO_InitStruct.Pull = GPIO_NOPULL;
 235:Src/stm32l4xx_hal_msp.c ****     GPIO_InitStruct.Speed = GPIO_SPEED_FREQ_VERY_HIGH;
ARM GAS  /tmp/ccMiDdym.s 			page 14


 236:Src/stm32l4xx_hal_msp.c ****     GPIO_InitStruct.Alternate = GPIO_AF8_LPUART1;
 237:Src/stm32l4xx_hal_msp.c ****     HAL_GPIO_Init(GPIOA, &GPIO_InitStruct);
 238:Src/stm32l4xx_hal_msp.c **** 
 239:Src/stm32l4xx_hal_msp.c ****   /* USER CODE BEGIN LPUART1_MspInit 1 */
 240:Src/stm32l4xx_hal_msp.c **** 
 241:Src/stm32l4xx_hal_msp.c ****   /* USER CODE END LPUART1_MspInit 1 */
 242:Src/stm32l4xx_hal_msp.c ****   }
 243:Src/stm32l4xx_hal_msp.c ****   else if(huart->Instance==USART3)
 467              		.loc 1 243 8 is_stmt 1 view .LVU104
 468              		.loc 1 243 10 is_stmt 0 view .LVU105
 469 0018 264A     		ldr	r2, .L35+4
 470 001a 9342     		cmp	r3, r2
 471 001c 25D0     		beq	.L34
 472              	.LVL22:
 473              	.L29:
 244:Src/stm32l4xx_hal_msp.c ****   {
 245:Src/stm32l4xx_hal_msp.c ****   /* USER CODE BEGIN USART3_MspInit 0 */
 246:Src/stm32l4xx_hal_msp.c **** 
 247:Src/stm32l4xx_hal_msp.c ****   /* USER CODE END USART3_MspInit 0 */
 248:Src/stm32l4xx_hal_msp.c ****     /* Peripheral clock enable */
 249:Src/stm32l4xx_hal_msp.c ****     __HAL_RCC_USART3_CLK_ENABLE();
 250:Src/stm32l4xx_hal_msp.c **** 
 251:Src/stm32l4xx_hal_msp.c ****     __HAL_RCC_GPIOB_CLK_ENABLE();
 252:Src/stm32l4xx_hal_msp.c ****     /**USART3 GPIO Configuration
 253:Src/stm32l4xx_hal_msp.c ****     PB10     ------> USART3_TX
 254:Src/stm32l4xx_hal_msp.c ****     PB11     ------> USART3_RX
 255:Src/stm32l4xx_hal_msp.c ****     */
 256:Src/stm32l4xx_hal_msp.c ****     GPIO_InitStruct.Pin = DBG_TX_Pin|DBG_RX_Pin;
 257:Src/stm32l4xx_hal_msp.c ****     GPIO_InitStruct.Mode = GPIO_MODE_AF_PP;
 258:Src/stm32l4xx_hal_msp.c ****     GPIO_InitStruct.Pull = GPIO_NOPULL;
 259:Src/stm32l4xx_hal_msp.c ****     GPIO_InitStruct.Speed = GPIO_SPEED_FREQ_VERY_HIGH;
 260:Src/stm32l4xx_hal_msp.c ****     GPIO_InitStruct.Alternate = GPIO_AF7_USART3;
 261:Src/stm32l4xx_hal_msp.c ****     HAL_GPIO_Init(GPIOB, &GPIO_InitStruct);
 262:Src/stm32l4xx_hal_msp.c **** 
 263:Src/stm32l4xx_hal_msp.c ****   /* USER CODE BEGIN USART3_MspInit 1 */
 264:Src/stm32l4xx_hal_msp.c **** 
 265:Src/stm32l4xx_hal_msp.c ****   /* USER CODE END USART3_MspInit 1 */
 266:Src/stm32l4xx_hal_msp.c ****   }
 267:Src/stm32l4xx_hal_msp.c **** 
 268:Src/stm32l4xx_hal_msp.c **** }
 474              		.loc 1 268 1 view .LVU106
 475 001e 0BB0     		add	sp, sp, #44
 476              	.LCFI14:
 477              		.cfi_remember_state
 478              		.cfi_def_cfa_offset 4
 479              		@ sp needed
 480 0020 5DF804FB 		ldr	pc, [sp], #4
 481              	.LVL23:
 482              	.L33:
 483              	.LCFI15:
 484              		.cfi_restore_state
 225:Src/stm32l4xx_hal_msp.c **** 
 485              		.loc 1 225 5 is_stmt 1 view .LVU107
 486              	.LBB8:
 225:Src/stm32l4xx_hal_msp.c **** 
 487              		.loc 1 225 5 view .LVU108
 225:Src/stm32l4xx_hal_msp.c **** 
ARM GAS  /tmp/ccMiDdym.s 			page 15


 488              		.loc 1 225 5 view .LVU109
 489 0024 244B     		ldr	r3, .L35+8
 490 0026 DA6D     		ldr	r2, [r3, #92]
 491 0028 42F00102 		orr	r2, r2, #1
 492 002c DA65     		str	r2, [r3, #92]
 225:Src/stm32l4xx_hal_msp.c **** 
 493              		.loc 1 225 5 view .LVU110
 494 002e DA6D     		ldr	r2, [r3, #92]
 495 0030 02F00102 		and	r2, r2, #1
 496 0034 0192     		str	r2, [sp, #4]
 225:Src/stm32l4xx_hal_msp.c **** 
 497              		.loc 1 225 5 view .LVU111
 498 0036 019A     		ldr	r2, [sp, #4]
 499              	.LBE8:
 225:Src/stm32l4xx_hal_msp.c **** 
 500              		.loc 1 225 5 view .LVU112
 227:Src/stm32l4xx_hal_msp.c ****     /**LPUART1 GPIO Configuration
 501              		.loc 1 227 5 view .LVU113
 502              	.LBB9:
 227:Src/stm32l4xx_hal_msp.c ****     /**LPUART1 GPIO Configuration
 503              		.loc 1 227 5 view .LVU114
 227:Src/stm32l4xx_hal_msp.c ****     /**LPUART1 GPIO Configuration
 504              		.loc 1 227 5 view .LVU115
 505 0038 DA6C     		ldr	r2, [r3, #76]
 506 003a 42F00102 		orr	r2, r2, #1
 507 003e DA64     		str	r2, [r3, #76]
 227:Src/stm32l4xx_hal_msp.c ****     /**LPUART1 GPIO Configuration
 508              		.loc 1 227 5 view .LVU116
 509 0040 DB6C     		ldr	r3, [r3, #76]
 510 0042 03F00103 		and	r3, r3, #1
 511 0046 0293     		str	r3, [sp, #8]
 227:Src/stm32l4xx_hal_msp.c ****     /**LPUART1 GPIO Configuration
 512              		.loc 1 227 5 view .LVU117
 513 0048 029B     		ldr	r3, [sp, #8]
 514              	.LBE9:
 227:Src/stm32l4xx_hal_msp.c ****     /**LPUART1 GPIO Configuration
 515              		.loc 1 227 5 view .LVU118
 232:Src/stm32l4xx_hal_msp.c ****     GPIO_InitStruct.Mode = GPIO_MODE_AF_PP;
 516              		.loc 1 232 5 view .LVU119
 232:Src/stm32l4xx_hal_msp.c ****     GPIO_InitStruct.Mode = GPIO_MODE_AF_PP;
 517              		.loc 1 232 25 is_stmt 0 view .LVU120
 518 004a 0C23     		movs	r3, #12
 519 004c 0593     		str	r3, [sp, #20]
 233:Src/stm32l4xx_hal_msp.c ****     GPIO_InitStruct.Pull = GPIO_NOPULL;
 520              		.loc 1 233 5 is_stmt 1 view .LVU121
 233:Src/stm32l4xx_hal_msp.c ****     GPIO_InitStruct.Pull = GPIO_NOPULL;
 521              		.loc 1 233 26 is_stmt 0 view .LVU122
 522 004e 0223     		movs	r3, #2
 523 0050 0693     		str	r3, [sp, #24]
 234:Src/stm32l4xx_hal_msp.c ****     GPIO_InitStruct.Speed = GPIO_SPEED_FREQ_VERY_HIGH;
 524              		.loc 1 234 5 is_stmt 1 view .LVU123
 234:Src/stm32l4xx_hal_msp.c ****     GPIO_InitStruct.Speed = GPIO_SPEED_FREQ_VERY_HIGH;
 525              		.loc 1 234 26 is_stmt 0 view .LVU124
 526 0052 0023     		movs	r3, #0
 527 0054 0793     		str	r3, [sp, #28]
 235:Src/stm32l4xx_hal_msp.c ****     GPIO_InitStruct.Alternate = GPIO_AF8_LPUART1;
 528              		.loc 1 235 5 is_stmt 1 view .LVU125
ARM GAS  /tmp/ccMiDdym.s 			page 16


 235:Src/stm32l4xx_hal_msp.c ****     GPIO_InitStruct.Alternate = GPIO_AF8_LPUART1;
 529              		.loc 1 235 27 is_stmt 0 view .LVU126
 530 0056 0323     		movs	r3, #3
 531 0058 0893     		str	r3, [sp, #32]
 236:Src/stm32l4xx_hal_msp.c ****     HAL_GPIO_Init(GPIOA, &GPIO_InitStruct);
 532              		.loc 1 236 5 is_stmt 1 view .LVU127
 236:Src/stm32l4xx_hal_msp.c ****     HAL_GPIO_Init(GPIOA, &GPIO_InitStruct);
 533              		.loc 1 236 31 is_stmt 0 view .LVU128
 534 005a 0823     		movs	r3, #8
 535 005c 0993     		str	r3, [sp, #36]
 237:Src/stm32l4xx_hal_msp.c **** 
 536              		.loc 1 237 5 is_stmt 1 view .LVU129
 537 005e 05A9     		add	r1, sp, #20
 538 0060 4FF09040 		mov	r0, #1207959552
 539              	.LVL24:
 237:Src/stm32l4xx_hal_msp.c **** 
 540              		.loc 1 237 5 is_stmt 0 view .LVU130
 541 0064 FFF7FEFF 		bl	HAL_GPIO_Init
 542              	.LVL25:
 543 0068 D9E7     		b	.L29
 544              	.LVL26:
 545              	.L34:
 249:Src/stm32l4xx_hal_msp.c **** 
 546              		.loc 1 249 5 is_stmt 1 view .LVU131
 547              	.LBB10:
 249:Src/stm32l4xx_hal_msp.c **** 
 548              		.loc 1 249 5 view .LVU132
 249:Src/stm32l4xx_hal_msp.c **** 
 549              		.loc 1 249 5 view .LVU133
 550 006a 134B     		ldr	r3, .L35+8
 551 006c 9A6D     		ldr	r2, [r3, #88]
 552 006e 42F48022 		orr	r2, r2, #262144
 553 0072 9A65     		str	r2, [r3, #88]
 249:Src/stm32l4xx_hal_msp.c **** 
 554              		.loc 1 249 5 view .LVU134
 555 0074 9A6D     		ldr	r2, [r3, #88]
 556 0076 02F48022 		and	r2, r2, #262144
 557 007a 0392     		str	r2, [sp, #12]
 249:Src/stm32l4xx_hal_msp.c **** 
 558              		.loc 1 249 5 view .LVU135
 559 007c 039A     		ldr	r2, [sp, #12]
 560              	.LBE10:
 249:Src/stm32l4xx_hal_msp.c **** 
 561              		.loc 1 249 5 view .LVU136
 251:Src/stm32l4xx_hal_msp.c ****     /**USART3 GPIO Configuration
 562              		.loc 1 251 5 view .LVU137
 563              	.LBB11:
 251:Src/stm32l4xx_hal_msp.c ****     /**USART3 GPIO Configuration
 564              		.loc 1 251 5 view .LVU138
 251:Src/stm32l4xx_hal_msp.c ****     /**USART3 GPIO Configuration
 565              		.loc 1 251 5 view .LVU139
 566 007e DA6C     		ldr	r2, [r3, #76]
 567 0080 42F00202 		orr	r2, r2, #2
 568 0084 DA64     		str	r2, [r3, #76]
 251:Src/stm32l4xx_hal_msp.c ****     /**USART3 GPIO Configuration
 569              		.loc 1 251 5 view .LVU140
 570 0086 DB6C     		ldr	r3, [r3, #76]
ARM GAS  /tmp/ccMiDdym.s 			page 17


 571 0088 03F00203 		and	r3, r3, #2
 572 008c 0493     		str	r3, [sp, #16]
 251:Src/stm32l4xx_hal_msp.c ****     /**USART3 GPIO Configuration
 573              		.loc 1 251 5 view .LVU141
 574 008e 049B     		ldr	r3, [sp, #16]
 575              	.LBE11:
 251:Src/stm32l4xx_hal_msp.c ****     /**USART3 GPIO Configuration
 576              		.loc 1 251 5 view .LVU142
 256:Src/stm32l4xx_hal_msp.c ****     GPIO_InitStruct.Mode = GPIO_MODE_AF_PP;
 577              		.loc 1 256 5 view .LVU143
 256:Src/stm32l4xx_hal_msp.c ****     GPIO_InitStruct.Mode = GPIO_MODE_AF_PP;
 578              		.loc 1 256 25 is_stmt 0 view .LVU144
 579 0090 4FF44063 		mov	r3, #3072
 580 0094 0593     		str	r3, [sp, #20]
 257:Src/stm32l4xx_hal_msp.c ****     GPIO_InitStruct.Pull = GPIO_NOPULL;
 581              		.loc 1 257 5 is_stmt 1 view .LVU145
 257:Src/stm32l4xx_hal_msp.c ****     GPIO_InitStruct.Pull = GPIO_NOPULL;
 582              		.loc 1 257 26 is_stmt 0 view .LVU146
 583 0096 0223     		movs	r3, #2
 584 0098 0693     		str	r3, [sp, #24]
 258:Src/stm32l4xx_hal_msp.c ****     GPIO_InitStruct.Speed = GPIO_SPEED_FREQ_VERY_HIGH;
 585              		.loc 1 258 5 is_stmt 1 view .LVU147
 258:Src/stm32l4xx_hal_msp.c ****     GPIO_InitStruct.Speed = GPIO_SPEED_FREQ_VERY_HIGH;
 586              		.loc 1 258 26 is_stmt 0 view .LVU148
 587 009a 0023     		movs	r3, #0
 588 009c 0793     		str	r3, [sp, #28]
 259:Src/stm32l4xx_hal_msp.c ****     GPIO_InitStruct.Alternate = GPIO_AF7_USART3;
 589              		.loc 1 259 5 is_stmt 1 view .LVU149
 259:Src/stm32l4xx_hal_msp.c ****     GPIO_InitStruct.Alternate = GPIO_AF7_USART3;
 590              		.loc 1 259 27 is_stmt 0 view .LVU150
 591 009e 0323     		movs	r3, #3
 592 00a0 0893     		str	r3, [sp, #32]
 260:Src/stm32l4xx_hal_msp.c ****     HAL_GPIO_Init(GPIOB, &GPIO_InitStruct);
 593              		.loc 1 260 5 is_stmt 1 view .LVU151
 260:Src/stm32l4xx_hal_msp.c ****     HAL_GPIO_Init(GPIOB, &GPIO_InitStruct);
 594              		.loc 1 260 31 is_stmt 0 view .LVU152
 595 00a2 0723     		movs	r3, #7
 596 00a4 0993     		str	r3, [sp, #36]
 261:Src/stm32l4xx_hal_msp.c **** 
 597              		.loc 1 261 5 is_stmt 1 view .LVU153
 598 00a6 05A9     		add	r1, sp, #20
 599 00a8 0448     		ldr	r0, .L35+12
 600              	.LVL27:
 261:Src/stm32l4xx_hal_msp.c **** 
 601              		.loc 1 261 5 is_stmt 0 view .LVU154
 602 00aa FFF7FEFF 		bl	HAL_GPIO_Init
 603              	.LVL28:
 604              		.loc 1 268 1 view .LVU155
 605 00ae B6E7     		b	.L29
 606              	.L36:
 607              		.align	2
 608              	.L35:
 609 00b0 00800040 		.word	1073774592
 610 00b4 00480040 		.word	1073760256
 611 00b8 00100240 		.word	1073876992
 612 00bc 00040048 		.word	1207960576
 613              		.cfi_endproc
ARM GAS  /tmp/ccMiDdym.s 			page 18


 614              	.LFE297:
 616              		.section	.text.HAL_UART_MspDeInit,"ax",%progbits
 617              		.align	1
 618              		.global	HAL_UART_MspDeInit
 619              		.syntax unified
 620              		.thumb
 621              		.thumb_func
 622              		.fpu fpv4-sp-d16
 624              	HAL_UART_MspDeInit:
 625              	.LVL29:
 626              	.LFB298:
 269:Src/stm32l4xx_hal_msp.c **** 
 270:Src/stm32l4xx_hal_msp.c **** /**
 271:Src/stm32l4xx_hal_msp.c **** * @brief UART MSP De-Initialization
 272:Src/stm32l4xx_hal_msp.c **** * This function freeze the hardware resources used in this example
 273:Src/stm32l4xx_hal_msp.c **** * @param huart: UART handle pointer
 274:Src/stm32l4xx_hal_msp.c **** * @retval None
 275:Src/stm32l4xx_hal_msp.c **** */
 276:Src/stm32l4xx_hal_msp.c **** void HAL_UART_MspDeInit(UART_HandleTypeDef* huart)
 277:Src/stm32l4xx_hal_msp.c **** {
 627              		.loc 1 277 1 is_stmt 1 view -0
 628              		.cfi_startproc
 629              		@ args = 0, pretend = 0, frame = 0
 630              		@ frame_needed = 0, uses_anonymous_args = 0
 631              		.loc 1 277 1 is_stmt 0 view .LVU157
 632 0000 08B5     		push	{r3, lr}
 633              	.LCFI16:
 634              		.cfi_def_cfa_offset 8
 635              		.cfi_offset 3, -8
 636              		.cfi_offset 14, -4
 278:Src/stm32l4xx_hal_msp.c ****   if(huart->Instance==LPUART1)
 637              		.loc 1 278 3 is_stmt 1 view .LVU158
 638              		.loc 1 278 11 is_stmt 0 view .LVU159
 639 0002 0368     		ldr	r3, [r0]
 640              		.loc 1 278 5 view .LVU160
 641 0004 0F4A     		ldr	r2, .L43
 642 0006 9342     		cmp	r3, r2
 643 0008 03D0     		beq	.L41
 279:Src/stm32l4xx_hal_msp.c ****   {
 280:Src/stm32l4xx_hal_msp.c ****   /* USER CODE BEGIN LPUART1_MspDeInit 0 */
 281:Src/stm32l4xx_hal_msp.c **** 
 282:Src/stm32l4xx_hal_msp.c ****   /* USER CODE END LPUART1_MspDeInit 0 */
 283:Src/stm32l4xx_hal_msp.c ****     /* Peripheral clock disable */
 284:Src/stm32l4xx_hal_msp.c ****     __HAL_RCC_LPUART1_CLK_DISABLE();
 285:Src/stm32l4xx_hal_msp.c **** 
 286:Src/stm32l4xx_hal_msp.c ****     /**LPUART1 GPIO Configuration
 287:Src/stm32l4xx_hal_msp.c ****     PA2     ------> LPUART1_TX
 288:Src/stm32l4xx_hal_msp.c ****     PA3     ------> LPUART1_RX
 289:Src/stm32l4xx_hal_msp.c ****     */
 290:Src/stm32l4xx_hal_msp.c ****     HAL_GPIO_DeInit(GPIOA, BL_TX_LP_Pin|BL_RX_LP_Pin);
 291:Src/stm32l4xx_hal_msp.c **** 
 292:Src/stm32l4xx_hal_msp.c ****   /* USER CODE BEGIN LPUART1_MspDeInit 1 */
 293:Src/stm32l4xx_hal_msp.c **** 
 294:Src/stm32l4xx_hal_msp.c ****   /* USER CODE END LPUART1_MspDeInit 1 */
 295:Src/stm32l4xx_hal_msp.c ****   }
 296:Src/stm32l4xx_hal_msp.c ****   else if(huart->Instance==USART3)
 644              		.loc 1 296 8 is_stmt 1 view .LVU161
ARM GAS  /tmp/ccMiDdym.s 			page 19


 645              		.loc 1 296 10 is_stmt 0 view .LVU162
 646 000a 0F4A     		ldr	r2, .L43+4
 647 000c 9342     		cmp	r3, r2
 648 000e 0CD0     		beq	.L42
 649              	.LVL30:
 650              	.L37:
 297:Src/stm32l4xx_hal_msp.c ****   {
 298:Src/stm32l4xx_hal_msp.c ****   /* USER CODE BEGIN USART3_MspDeInit 0 */
 299:Src/stm32l4xx_hal_msp.c **** 
 300:Src/stm32l4xx_hal_msp.c ****   /* USER CODE END USART3_MspDeInit 0 */
 301:Src/stm32l4xx_hal_msp.c ****     /* Peripheral clock disable */
 302:Src/stm32l4xx_hal_msp.c ****     __HAL_RCC_USART3_CLK_DISABLE();
 303:Src/stm32l4xx_hal_msp.c **** 
 304:Src/stm32l4xx_hal_msp.c ****     /**USART3 GPIO Configuration
 305:Src/stm32l4xx_hal_msp.c ****     PB10     ------> USART3_TX
 306:Src/stm32l4xx_hal_msp.c ****     PB11     ------> USART3_RX
 307:Src/stm32l4xx_hal_msp.c ****     */
 308:Src/stm32l4xx_hal_msp.c ****     HAL_GPIO_DeInit(GPIOB, DBG_TX_Pin|DBG_RX_Pin);
 309:Src/stm32l4xx_hal_msp.c **** 
 310:Src/stm32l4xx_hal_msp.c ****   /* USER CODE BEGIN USART3_MspDeInit 1 */
 311:Src/stm32l4xx_hal_msp.c **** 
 312:Src/stm32l4xx_hal_msp.c ****   /* USER CODE END USART3_MspDeInit 1 */
 313:Src/stm32l4xx_hal_msp.c ****   }
 314:Src/stm32l4xx_hal_msp.c **** 
 315:Src/stm32l4xx_hal_msp.c **** }
 651              		.loc 1 315 1 view .LVU163
 652 0010 08BD     		pop	{r3, pc}
 653              	.LVL31:
 654              	.L41:
 284:Src/stm32l4xx_hal_msp.c **** 
 655              		.loc 1 284 5 is_stmt 1 view .LVU164
 656 0012 02F5C832 		add	r2, r2, #102400
 657 0016 D36D     		ldr	r3, [r2, #92]
 658 0018 23F00103 		bic	r3, r3, #1
 659 001c D365     		str	r3, [r2, #92]
 290:Src/stm32l4xx_hal_msp.c **** 
 660              		.loc 1 290 5 view .LVU165
 661 001e 0C21     		movs	r1, #12
 662 0020 4FF09040 		mov	r0, #1207959552
 663              	.LVL32:
 290:Src/stm32l4xx_hal_msp.c **** 
 664              		.loc 1 290 5 is_stmt 0 view .LVU166
 665 0024 FFF7FEFF 		bl	HAL_GPIO_DeInit
 666              	.LVL33:
 667 0028 F2E7     		b	.L37
 668              	.LVL34:
 669              	.L42:
 302:Src/stm32l4xx_hal_msp.c **** 
 670              		.loc 1 302 5 is_stmt 1 view .LVU167
 671 002a 02F5E432 		add	r2, r2, #116736
 672 002e 936D     		ldr	r3, [r2, #88]
 673 0030 23F48023 		bic	r3, r3, #262144
 674 0034 9365     		str	r3, [r2, #88]
 308:Src/stm32l4xx_hal_msp.c **** 
 675              		.loc 1 308 5 view .LVU168
 676 0036 4FF44061 		mov	r1, #3072
 677 003a 0448     		ldr	r0, .L43+8
ARM GAS  /tmp/ccMiDdym.s 			page 20


 678              	.LVL35:
 308:Src/stm32l4xx_hal_msp.c **** 
 679              		.loc 1 308 5 is_stmt 0 view .LVU169
 680 003c FFF7FEFF 		bl	HAL_GPIO_DeInit
 681              	.LVL36:
 682              		.loc 1 315 1 view .LVU170
 683 0040 E6E7     		b	.L37
 684              	.L44:
 685 0042 00BF     		.align	2
 686              	.L43:
 687 0044 00800040 		.word	1073774592
 688 0048 00480040 		.word	1073760256
 689 004c 00040048 		.word	1207960576
 690              		.cfi_endproc
 691              	.LFE298:
 693              		.section	.text.HAL_SPI_MspInit,"ax",%progbits
 694              		.align	1
 695              		.global	HAL_SPI_MspInit
 696              		.syntax unified
 697              		.thumb
 698              		.thumb_func
 699              		.fpu fpv4-sp-d16
 701              	HAL_SPI_MspInit:
 702              	.LVL37:
 703              	.LFB299:
 316:Src/stm32l4xx_hal_msp.c **** 
 317:Src/stm32l4xx_hal_msp.c **** /**
 318:Src/stm32l4xx_hal_msp.c **** * @brief SPI MSP Initialization
 319:Src/stm32l4xx_hal_msp.c **** * This function configures the hardware resources used in this example
 320:Src/stm32l4xx_hal_msp.c **** * @param hspi: SPI handle pointer
 321:Src/stm32l4xx_hal_msp.c **** * @retval None
 322:Src/stm32l4xx_hal_msp.c **** */
 323:Src/stm32l4xx_hal_msp.c **** void HAL_SPI_MspInit(SPI_HandleTypeDef* hspi)
 324:Src/stm32l4xx_hal_msp.c **** {
 704              		.loc 1 324 1 is_stmt 1 view -0
 705              		.cfi_startproc
 706              		@ args = 0, pretend = 0, frame = 32
 707              		@ frame_needed = 0, uses_anonymous_args = 0
 708              		.loc 1 324 1 is_stmt 0 view .LVU172
 709 0000 00B5     		push	{lr}
 710              	.LCFI17:
 711              		.cfi_def_cfa_offset 4
 712              		.cfi_offset 14, -4
 713 0002 89B0     		sub	sp, sp, #36
 714              	.LCFI18:
 715              		.cfi_def_cfa_offset 40
 325:Src/stm32l4xx_hal_msp.c ****   GPIO_InitTypeDef GPIO_InitStruct = {0};
 716              		.loc 1 325 3 is_stmt 1 view .LVU173
 717              		.loc 1 325 20 is_stmt 0 view .LVU174
 718 0004 0023     		movs	r3, #0
 719 0006 0393     		str	r3, [sp, #12]
 720 0008 0493     		str	r3, [sp, #16]
 721 000a 0593     		str	r3, [sp, #20]
 722 000c 0693     		str	r3, [sp, #24]
 723 000e 0793     		str	r3, [sp, #28]
 326:Src/stm32l4xx_hal_msp.c ****   if(hspi->Instance==SPI2)
 724              		.loc 1 326 3 is_stmt 1 view .LVU175
ARM GAS  /tmp/ccMiDdym.s 			page 21


 725              		.loc 1 326 10 is_stmt 0 view .LVU176
 726 0010 0268     		ldr	r2, [r0]
 727              		.loc 1 326 5 view .LVU177
 728 0012 154B     		ldr	r3, .L49
 729 0014 9A42     		cmp	r2, r3
 730 0016 02D0     		beq	.L48
 731              	.LVL38:
 732              	.L45:
 327:Src/stm32l4xx_hal_msp.c ****   {
 328:Src/stm32l4xx_hal_msp.c ****   /* USER CODE BEGIN SPI2_MspInit 0 */
 329:Src/stm32l4xx_hal_msp.c **** 
 330:Src/stm32l4xx_hal_msp.c ****   /* USER CODE END SPI2_MspInit 0 */
 331:Src/stm32l4xx_hal_msp.c ****     /* Peripheral clock enable */
 332:Src/stm32l4xx_hal_msp.c ****     __HAL_RCC_SPI2_CLK_ENABLE();
 333:Src/stm32l4xx_hal_msp.c **** 
 334:Src/stm32l4xx_hal_msp.c ****     __HAL_RCC_GPIOB_CLK_ENABLE();
 335:Src/stm32l4xx_hal_msp.c ****     /**SPI2 GPIO Configuration
 336:Src/stm32l4xx_hal_msp.c ****     PB13     ------> SPI2_SCK
 337:Src/stm32l4xx_hal_msp.c ****     PB14     ------> SPI2_MISO
 338:Src/stm32l4xx_hal_msp.c ****     PB15     ------> SPI2_MOSI
 339:Src/stm32l4xx_hal_msp.c ****     */
 340:Src/stm32l4xx_hal_msp.c ****     GPIO_InitStruct.Pin = GPIO_PIN_13|GPIO_PIN_14|GPIO_PIN_15;
 341:Src/stm32l4xx_hal_msp.c ****     GPIO_InitStruct.Mode = GPIO_MODE_AF_PP;
 342:Src/stm32l4xx_hal_msp.c ****     GPIO_InitStruct.Pull = GPIO_NOPULL;
 343:Src/stm32l4xx_hal_msp.c ****     GPIO_InitStruct.Speed = GPIO_SPEED_FREQ_VERY_HIGH;
 344:Src/stm32l4xx_hal_msp.c ****     GPIO_InitStruct.Alternate = GPIO_AF5_SPI2;
 345:Src/stm32l4xx_hal_msp.c ****     HAL_GPIO_Init(GPIOB, &GPIO_InitStruct);
 346:Src/stm32l4xx_hal_msp.c **** 
 347:Src/stm32l4xx_hal_msp.c ****   /* USER CODE BEGIN SPI2_MspInit 1 */
 348:Src/stm32l4xx_hal_msp.c **** 
 349:Src/stm32l4xx_hal_msp.c ****   /* USER CODE END SPI2_MspInit 1 */
 350:Src/stm32l4xx_hal_msp.c ****   }
 351:Src/stm32l4xx_hal_msp.c **** 
 352:Src/stm32l4xx_hal_msp.c **** }
 733              		.loc 1 352 1 view .LVU178
 734 0018 09B0     		add	sp, sp, #36
 735              	.LCFI19:
 736              		.cfi_remember_state
 737              		.cfi_def_cfa_offset 4
 738              		@ sp needed
 739 001a 5DF804FB 		ldr	pc, [sp], #4
 740              	.LVL39:
 741              	.L48:
 742              	.LCFI20:
 743              		.cfi_restore_state
 332:Src/stm32l4xx_hal_msp.c **** 
 744              		.loc 1 332 5 is_stmt 1 view .LVU179
 745              	.LBB12:
 332:Src/stm32l4xx_hal_msp.c **** 
 746              		.loc 1 332 5 view .LVU180
 332:Src/stm32l4xx_hal_msp.c **** 
 747              		.loc 1 332 5 view .LVU181
 748 001e 03F5EC33 		add	r3, r3, #120832
 749 0022 9A6D     		ldr	r2, [r3, #88]
 750 0024 42F48042 		orr	r2, r2, #16384
 751 0028 9A65     		str	r2, [r3, #88]
 332:Src/stm32l4xx_hal_msp.c **** 
ARM GAS  /tmp/ccMiDdym.s 			page 22


 752              		.loc 1 332 5 view .LVU182
 753 002a 9A6D     		ldr	r2, [r3, #88]
 754 002c 02F48042 		and	r2, r2, #16384
 755 0030 0192     		str	r2, [sp, #4]
 332:Src/stm32l4xx_hal_msp.c **** 
 756              		.loc 1 332 5 view .LVU183
 757 0032 019A     		ldr	r2, [sp, #4]
 758              	.LBE12:
 332:Src/stm32l4xx_hal_msp.c **** 
 759              		.loc 1 332 5 view .LVU184
 334:Src/stm32l4xx_hal_msp.c ****     /**SPI2 GPIO Configuration
 760              		.loc 1 334 5 view .LVU185
 761              	.LBB13:
 334:Src/stm32l4xx_hal_msp.c ****     /**SPI2 GPIO Configuration
 762              		.loc 1 334 5 view .LVU186
 334:Src/stm32l4xx_hal_msp.c ****     /**SPI2 GPIO Configuration
 763              		.loc 1 334 5 view .LVU187
 764 0034 DA6C     		ldr	r2, [r3, #76]
 765 0036 42F00202 		orr	r2, r2, #2
 766 003a DA64     		str	r2, [r3, #76]
 334:Src/stm32l4xx_hal_msp.c ****     /**SPI2 GPIO Configuration
 767              		.loc 1 334 5 view .LVU188
 768 003c DB6C     		ldr	r3, [r3, #76]
 769 003e 03F00203 		and	r3, r3, #2
 770 0042 0293     		str	r3, [sp, #8]
 334:Src/stm32l4xx_hal_msp.c ****     /**SPI2 GPIO Configuration
 771              		.loc 1 334 5 view .LVU189
 772 0044 029B     		ldr	r3, [sp, #8]
 773              	.LBE13:
 334:Src/stm32l4xx_hal_msp.c ****     /**SPI2 GPIO Configuration
 774              		.loc 1 334 5 view .LVU190
 340:Src/stm32l4xx_hal_msp.c ****     GPIO_InitStruct.Mode = GPIO_MODE_AF_PP;
 775              		.loc 1 340 5 view .LVU191
 340:Src/stm32l4xx_hal_msp.c ****     GPIO_InitStruct.Mode = GPIO_MODE_AF_PP;
 776              		.loc 1 340 25 is_stmt 0 view .LVU192
 777 0046 4FF46043 		mov	r3, #57344
 778 004a 0393     		str	r3, [sp, #12]
 341:Src/stm32l4xx_hal_msp.c ****     GPIO_InitStruct.Pull = GPIO_NOPULL;
 779              		.loc 1 341 5 is_stmt 1 view .LVU193
 341:Src/stm32l4xx_hal_msp.c ****     GPIO_InitStruct.Pull = GPIO_NOPULL;
 780              		.loc 1 341 26 is_stmt 0 view .LVU194
 781 004c 0223     		movs	r3, #2
 782 004e 0493     		str	r3, [sp, #16]
 342:Src/stm32l4xx_hal_msp.c ****     GPIO_InitStruct.Speed = GPIO_SPEED_FREQ_VERY_HIGH;
 783              		.loc 1 342 5 is_stmt 1 view .LVU195
 342:Src/stm32l4xx_hal_msp.c ****     GPIO_InitStruct.Speed = GPIO_SPEED_FREQ_VERY_HIGH;
 784              		.loc 1 342 26 is_stmt 0 view .LVU196
 785 0050 0023     		movs	r3, #0
 786 0052 0593     		str	r3, [sp, #20]
 343:Src/stm32l4xx_hal_msp.c ****     GPIO_InitStruct.Alternate = GPIO_AF5_SPI2;
 787              		.loc 1 343 5 is_stmt 1 view .LVU197
 343:Src/stm32l4xx_hal_msp.c ****     GPIO_InitStruct.Alternate = GPIO_AF5_SPI2;
 788              		.loc 1 343 27 is_stmt 0 view .LVU198
 789 0054 0323     		movs	r3, #3
 790 0056 0693     		str	r3, [sp, #24]
 344:Src/stm32l4xx_hal_msp.c ****     HAL_GPIO_Init(GPIOB, &GPIO_InitStruct);
 791              		.loc 1 344 5 is_stmt 1 view .LVU199
ARM GAS  /tmp/ccMiDdym.s 			page 23


 344:Src/stm32l4xx_hal_msp.c ****     HAL_GPIO_Init(GPIOB, &GPIO_InitStruct);
 792              		.loc 1 344 31 is_stmt 0 view .LVU200
 793 0058 0523     		movs	r3, #5
 794 005a 0793     		str	r3, [sp, #28]
 345:Src/stm32l4xx_hal_msp.c **** 
 795              		.loc 1 345 5 is_stmt 1 view .LVU201
 796 005c 03A9     		add	r1, sp, #12
 797 005e 0348     		ldr	r0, .L49+4
 798              	.LVL40:
 345:Src/stm32l4xx_hal_msp.c **** 
 799              		.loc 1 345 5 is_stmt 0 view .LVU202
 800 0060 FFF7FEFF 		bl	HAL_GPIO_Init
 801              	.LVL41:
 802              		.loc 1 352 1 view .LVU203
 803 0064 D8E7     		b	.L45
 804              	.L50:
 805 0066 00BF     		.align	2
 806              	.L49:
 807 0068 00380040 		.word	1073756160
 808 006c 00040048 		.word	1207960576
 809              		.cfi_endproc
 810              	.LFE299:
 812              		.section	.text.HAL_SPI_MspDeInit,"ax",%progbits
 813              		.align	1
 814              		.global	HAL_SPI_MspDeInit
 815              		.syntax unified
 816              		.thumb
 817              		.thumb_func
 818              		.fpu fpv4-sp-d16
 820              	HAL_SPI_MspDeInit:
 821              	.LVL42:
 822              	.LFB300:
 353:Src/stm32l4xx_hal_msp.c **** 
 354:Src/stm32l4xx_hal_msp.c **** /**
 355:Src/stm32l4xx_hal_msp.c **** * @brief SPI MSP De-Initialization
 356:Src/stm32l4xx_hal_msp.c **** * This function freeze the hardware resources used in this example
 357:Src/stm32l4xx_hal_msp.c **** * @param hspi: SPI handle pointer
 358:Src/stm32l4xx_hal_msp.c **** * @retval None
 359:Src/stm32l4xx_hal_msp.c **** */
 360:Src/stm32l4xx_hal_msp.c **** void HAL_SPI_MspDeInit(SPI_HandleTypeDef* hspi)
 361:Src/stm32l4xx_hal_msp.c **** {
 823              		.loc 1 361 1 is_stmt 1 view -0
 824              		.cfi_startproc
 825              		@ args = 0, pretend = 0, frame = 0
 826              		@ frame_needed = 0, uses_anonymous_args = 0
 827              		.loc 1 361 1 is_stmt 0 view .LVU205
 828 0000 08B5     		push	{r3, lr}
 829              	.LCFI21:
 830              		.cfi_def_cfa_offset 8
 831              		.cfi_offset 3, -8
 832              		.cfi_offset 14, -4
 362:Src/stm32l4xx_hal_msp.c ****   if(hspi->Instance==SPI2)
 833              		.loc 1 362 3 is_stmt 1 view .LVU206
 834              		.loc 1 362 10 is_stmt 0 view .LVU207
 835 0002 0268     		ldr	r2, [r0]
 836              		.loc 1 362 5 view .LVU208
 837 0004 074B     		ldr	r3, .L55
ARM GAS  /tmp/ccMiDdym.s 			page 24


 838 0006 9A42     		cmp	r2, r3
 839 0008 00D0     		beq	.L54
 840              	.LVL43:
 841              	.L51:
 363:Src/stm32l4xx_hal_msp.c ****   {
 364:Src/stm32l4xx_hal_msp.c ****   /* USER CODE BEGIN SPI2_MspDeInit 0 */
 365:Src/stm32l4xx_hal_msp.c **** 
 366:Src/stm32l4xx_hal_msp.c ****   /* USER CODE END SPI2_MspDeInit 0 */
 367:Src/stm32l4xx_hal_msp.c ****     /* Peripheral clock disable */
 368:Src/stm32l4xx_hal_msp.c ****     __HAL_RCC_SPI2_CLK_DISABLE();
 369:Src/stm32l4xx_hal_msp.c **** 
 370:Src/stm32l4xx_hal_msp.c ****     /**SPI2 GPIO Configuration
 371:Src/stm32l4xx_hal_msp.c ****     PB13     ------> SPI2_SCK
 372:Src/stm32l4xx_hal_msp.c ****     PB14     ------> SPI2_MISO
 373:Src/stm32l4xx_hal_msp.c ****     PB15     ------> SPI2_MOSI
 374:Src/stm32l4xx_hal_msp.c ****     */
 375:Src/stm32l4xx_hal_msp.c ****     HAL_GPIO_DeInit(GPIOB, GPIO_PIN_13|GPIO_PIN_14|GPIO_PIN_15);
 376:Src/stm32l4xx_hal_msp.c **** 
 377:Src/stm32l4xx_hal_msp.c ****   /* USER CODE BEGIN SPI2_MspDeInit 1 */
 378:Src/stm32l4xx_hal_msp.c **** 
 379:Src/stm32l4xx_hal_msp.c ****   /* USER CODE END SPI2_MspDeInit 1 */
 380:Src/stm32l4xx_hal_msp.c ****   }
 381:Src/stm32l4xx_hal_msp.c **** 
 382:Src/stm32l4xx_hal_msp.c **** }
 842              		.loc 1 382 1 view .LVU209
 843 000a 08BD     		pop	{r3, pc}
 844              	.LVL44:
 845              	.L54:
 368:Src/stm32l4xx_hal_msp.c **** 
 846              		.loc 1 368 5 is_stmt 1 view .LVU210
 847 000c 064A     		ldr	r2, .L55+4
 848 000e 936D     		ldr	r3, [r2, #88]
 849 0010 23F48043 		bic	r3, r3, #16384
 850 0014 9365     		str	r3, [r2, #88]
 375:Src/stm32l4xx_hal_msp.c **** 
 851              		.loc 1 375 5 view .LVU211
 852 0016 4FF46041 		mov	r1, #57344
 853 001a 0448     		ldr	r0, .L55+8
 854              	.LVL45:
 375:Src/stm32l4xx_hal_msp.c **** 
 855              		.loc 1 375 5 is_stmt 0 view .LVU212
 856 001c FFF7FEFF 		bl	HAL_GPIO_DeInit
 857              	.LVL46:
 858              		.loc 1 382 1 view .LVU213
 859 0020 F3E7     		b	.L51
 860              	.L56:
 861 0022 00BF     		.align	2
 862              	.L55:
 863 0024 00380040 		.word	1073756160
 864 0028 00100240 		.word	1073876992
 865 002c 00040048 		.word	1207960576
 866              		.cfi_endproc
 867              	.LFE300:
 869              		.section	.text.HAL_TIM_Base_MspInit,"ax",%progbits
 870              		.align	1
 871              		.global	HAL_TIM_Base_MspInit
 872              		.syntax unified
ARM GAS  /tmp/ccMiDdym.s 			page 25


 873              		.thumb
 874              		.thumb_func
 875              		.fpu fpv4-sp-d16
 877              	HAL_TIM_Base_MspInit:
 878              	.LVL47:
 879              	.LFB301:
 383:Src/stm32l4xx_hal_msp.c **** 
 384:Src/stm32l4xx_hal_msp.c **** /**
 385:Src/stm32l4xx_hal_msp.c **** * @brief TIM_Base MSP Initialization
 386:Src/stm32l4xx_hal_msp.c **** * This function configures the hardware resources used in this example
 387:Src/stm32l4xx_hal_msp.c **** * @param htim_base: TIM_Base handle pointer
 388:Src/stm32l4xx_hal_msp.c **** * @retval None
 389:Src/stm32l4xx_hal_msp.c **** */
 390:Src/stm32l4xx_hal_msp.c **** void HAL_TIM_Base_MspInit(TIM_HandleTypeDef* htim_base)
 391:Src/stm32l4xx_hal_msp.c **** {
 880              		.loc 1 391 1 is_stmt 1 view -0
 881              		.cfi_startproc
 882              		@ args = 0, pretend = 0, frame = 8
 883              		@ frame_needed = 0, uses_anonymous_args = 0
 884              		@ link register save eliminated.
 392:Src/stm32l4xx_hal_msp.c ****   if(htim_base->Instance==TIM2)
 885              		.loc 1 392 3 view .LVU215
 886              		.loc 1 392 15 is_stmt 0 view .LVU216
 887 0000 0368     		ldr	r3, [r0]
 888              		.loc 1 392 5 view .LVU217
 889 0002 B3F1804F 		cmp	r3, #1073741824
 890 0006 00D0     		beq	.L63
 891 0008 7047     		bx	lr
 892              	.L63:
 391:Src/stm32l4xx_hal_msp.c ****   if(htim_base->Instance==TIM2)
 893              		.loc 1 391 1 view .LVU218
 894 000a 82B0     		sub	sp, sp, #8
 895              	.LCFI22:
 896              		.cfi_def_cfa_offset 8
 393:Src/stm32l4xx_hal_msp.c ****   {
 394:Src/stm32l4xx_hal_msp.c ****   /* USER CODE BEGIN TIM2_MspInit 0 */
 395:Src/stm32l4xx_hal_msp.c **** 
 396:Src/stm32l4xx_hal_msp.c ****   /* USER CODE END TIM2_MspInit 0 */
 397:Src/stm32l4xx_hal_msp.c ****     /* Peripheral clock enable */
 398:Src/stm32l4xx_hal_msp.c ****     __HAL_RCC_TIM2_CLK_ENABLE();
 897              		.loc 1 398 5 is_stmt 1 view .LVU219
 898              	.LBB14:
 899              		.loc 1 398 5 view .LVU220
 900              		.loc 1 398 5 view .LVU221
 901 000c 03F50433 		add	r3, r3, #135168
 902 0010 9A6D     		ldr	r2, [r3, #88]
 903 0012 42F00102 		orr	r2, r2, #1
 904 0016 9A65     		str	r2, [r3, #88]
 905              		.loc 1 398 5 view .LVU222
 906 0018 9B6D     		ldr	r3, [r3, #88]
 907 001a 03F00103 		and	r3, r3, #1
 908 001e 0193     		str	r3, [sp, #4]
 909              		.loc 1 398 5 view .LVU223
 910 0020 019B     		ldr	r3, [sp, #4]
 911              	.LBE14:
 912              		.loc 1 398 5 view .LVU224
 399:Src/stm32l4xx_hal_msp.c ****   /* USER CODE BEGIN TIM2_MspInit 1 */
ARM GAS  /tmp/ccMiDdym.s 			page 26


 400:Src/stm32l4xx_hal_msp.c **** 
 401:Src/stm32l4xx_hal_msp.c ****   /* USER CODE END TIM2_MspInit 1 */
 402:Src/stm32l4xx_hal_msp.c ****   }
 403:Src/stm32l4xx_hal_msp.c **** 
 404:Src/stm32l4xx_hal_msp.c **** }
 913              		.loc 1 404 1 is_stmt 0 view .LVU225
 914 0022 02B0     		add	sp, sp, #8
 915              	.LCFI23:
 916              		.cfi_def_cfa_offset 0
 917              		@ sp needed
 918 0024 7047     		bx	lr
 919              		.cfi_endproc
 920              	.LFE301:
 922              		.section	.text.HAL_TIM_Base_MspDeInit,"ax",%progbits
 923              		.align	1
 924              		.global	HAL_TIM_Base_MspDeInit
 925              		.syntax unified
 926              		.thumb
 927              		.thumb_func
 928              		.fpu fpv4-sp-d16
 930              	HAL_TIM_Base_MspDeInit:
 931              	.LVL48:
 932              	.LFB302:
 405:Src/stm32l4xx_hal_msp.c **** 
 406:Src/stm32l4xx_hal_msp.c **** /**
 407:Src/stm32l4xx_hal_msp.c **** * @brief TIM_Base MSP De-Initialization
 408:Src/stm32l4xx_hal_msp.c **** * This function freeze the hardware resources used in this example
 409:Src/stm32l4xx_hal_msp.c **** * @param htim_base: TIM_Base handle pointer
 410:Src/stm32l4xx_hal_msp.c **** * @retval None
 411:Src/stm32l4xx_hal_msp.c **** */
 412:Src/stm32l4xx_hal_msp.c **** void HAL_TIM_Base_MspDeInit(TIM_HandleTypeDef* htim_base)
 413:Src/stm32l4xx_hal_msp.c **** {
 933              		.loc 1 413 1 is_stmt 1 view -0
 934              		.cfi_startproc
 935              		@ args = 0, pretend = 0, frame = 0
 936              		@ frame_needed = 0, uses_anonymous_args = 0
 937              		@ link register save eliminated.
 414:Src/stm32l4xx_hal_msp.c ****   if(htim_base->Instance==TIM2)
 938              		.loc 1 414 3 view .LVU227
 939              		.loc 1 414 15 is_stmt 0 view .LVU228
 940 0000 0368     		ldr	r3, [r0]
 941              		.loc 1 414 5 view .LVU229
 942 0002 B3F1804F 		cmp	r3, #1073741824
 943 0006 00D0     		beq	.L66
 944              	.L64:
 415:Src/stm32l4xx_hal_msp.c ****   {
 416:Src/stm32l4xx_hal_msp.c ****   /* USER CODE BEGIN TIM2_MspDeInit 0 */
 417:Src/stm32l4xx_hal_msp.c **** 
 418:Src/stm32l4xx_hal_msp.c ****   /* USER CODE END TIM2_MspDeInit 0 */
 419:Src/stm32l4xx_hal_msp.c ****     /* Peripheral clock disable */
 420:Src/stm32l4xx_hal_msp.c ****     __HAL_RCC_TIM2_CLK_DISABLE();
 421:Src/stm32l4xx_hal_msp.c ****   /* USER CODE BEGIN TIM2_MspDeInit 1 */
 422:Src/stm32l4xx_hal_msp.c **** 
 423:Src/stm32l4xx_hal_msp.c ****   /* USER CODE END TIM2_MspDeInit 1 */
 424:Src/stm32l4xx_hal_msp.c ****   }
 425:Src/stm32l4xx_hal_msp.c **** 
 426:Src/stm32l4xx_hal_msp.c **** }
ARM GAS  /tmp/ccMiDdym.s 			page 27


 945              		.loc 1 426 1 view .LVU230
 946 0008 7047     		bx	lr
 947              	.L66:
 420:Src/stm32l4xx_hal_msp.c ****   /* USER CODE BEGIN TIM2_MspDeInit 1 */
 948              		.loc 1 420 5 is_stmt 1 view .LVU231
 949 000a 034A     		ldr	r2, .L67
 950 000c 936D     		ldr	r3, [r2, #88]
 951 000e 23F00103 		bic	r3, r3, #1
 952 0012 9365     		str	r3, [r2, #88]
 953              		.loc 1 426 1 is_stmt 0 view .LVU232
 954 0014 F8E7     		b	.L64
 955              	.L68:
 956 0016 00BF     		.align	2
 957              	.L67:
 958 0018 00100240 		.word	1073876992
 959              		.cfi_endproc
 960              	.LFE302:
 962              		.text
 963              	.Letext0:
 964              		.file 2 "/opt/gcc-arm-none-eabi-9-2020-q2/arm-none-eabi/include/machine/_default_types.h"
 965              		.file 3 "/opt/gcc-arm-none-eabi-9-2020-q2/arm-none-eabi/include/sys/_stdint.h"
 966              		.file 4 "Drivers/CMSIS/Include/core_cm4.h"
 967              		.file 5 "Drivers/CMSIS/Device/ST/STM32L4xx/Include/system_stm32l4xx.h"
 968              		.file 6 "Drivers/CMSIS/Device/ST/STM32L4xx/Include/stm32l452xx.h"
 969              		.file 7 "Drivers/CMSIS/Device/ST/STM32L4xx/Include/stm32l4xx.h"
 970              		.file 8 "Drivers/STM32L4xx_HAL_Driver/Inc/stm32l4xx_hal_def.h"
 971              		.file 9 "Drivers/STM32L4xx_HAL_Driver/Inc/stm32l4xx_hal_gpio.h"
 972              		.file 10 "Drivers/STM32L4xx_HAL_Driver/Inc/stm32l4xx_hal_dma.h"
 973              		.file 11 "Drivers/STM32L4xx_HAL_Driver/Inc/stm32l4xx_hal_adc.h"
 974              		.file 12 "Drivers/STM32L4xx_HAL_Driver/Inc/stm32l4xx_hal_flash.h"
 975              		.file 13 "Drivers/STM32L4xx_HAL_Driver/Inc/stm32l4xx_hal_i2c.h"
 976              		.file 14 "Drivers/STM32L4xx_HAL_Driver/Inc/stm32l4xx_hal_spi.h"
 977              		.file 15 "Drivers/STM32L4xx_HAL_Driver/Inc/stm32l4xx_hal_tim.h"
 978              		.file 16 "Drivers/STM32L4xx_HAL_Driver/Inc/stm32l4xx_hal_uart.h"
 979              		.file 17 "Drivers/STM32L4xx_HAL_Driver/Inc/stm32l4xx_hal.h"
ARM GAS  /tmp/ccMiDdym.s 			page 28


DEFINED SYMBOLS
                            *ABS*:0000000000000000 stm32l4xx_hal_msp.c
     /tmp/ccMiDdym.s:18     .text.HAL_MspInit:0000000000000000 $t
     /tmp/ccMiDdym.s:26     .text.HAL_MspInit:0000000000000000 HAL_MspInit
     /tmp/ccMiDdym.s:77     .text.HAL_MspInit:000000000000002c $d
     /tmp/ccMiDdym.s:82     .text.HAL_ADC_MspInit:0000000000000000 $t
     /tmp/ccMiDdym.s:89     .text.HAL_ADC_MspInit:0000000000000000 HAL_ADC_MspInit
     /tmp/ccMiDdym.s:188    .text.HAL_ADC_MspInit:0000000000000064 $d
     /tmp/ccMiDdym.s:193    .text.HAL_ADC_MspDeInit:0000000000000000 $t
     /tmp/ccMiDdym.s:200    .text.HAL_ADC_MspDeInit:0000000000000000 HAL_ADC_MspDeInit
     /tmp/ccMiDdym.s:243    .text.HAL_ADC_MspDeInit:0000000000000024 $d
     /tmp/ccMiDdym.s:249    .text.HAL_I2C_MspInit:0000000000000000 $t
     /tmp/ccMiDdym.s:256    .text.HAL_I2C_MspInit:0000000000000000 HAL_I2C_MspInit
     /tmp/ccMiDdym.s:363    .text.HAL_I2C_MspInit:0000000000000064 $d
     /tmp/ccMiDdym.s:369    .text.HAL_I2C_MspDeInit:0000000000000000 $t
     /tmp/ccMiDdym.s:376    .text.HAL_I2C_MspDeInit:0000000000000000 HAL_I2C_MspDeInit
     /tmp/ccMiDdym.s:424    .text.HAL_I2C_MspDeInit:0000000000000030 $d
     /tmp/ccMiDdym.s:430    .text.HAL_UART_MspInit:0000000000000000 $t
     /tmp/ccMiDdym.s:437    .text.HAL_UART_MspInit:0000000000000000 HAL_UART_MspInit
     /tmp/ccMiDdym.s:609    .text.HAL_UART_MspInit:00000000000000b0 $d
     /tmp/ccMiDdym.s:617    .text.HAL_UART_MspDeInit:0000000000000000 $t
     /tmp/ccMiDdym.s:624    .text.HAL_UART_MspDeInit:0000000000000000 HAL_UART_MspDeInit
     /tmp/ccMiDdym.s:687    .text.HAL_UART_MspDeInit:0000000000000044 $d
     /tmp/ccMiDdym.s:694    .text.HAL_SPI_MspInit:0000000000000000 $t
     /tmp/ccMiDdym.s:701    .text.HAL_SPI_MspInit:0000000000000000 HAL_SPI_MspInit
     /tmp/ccMiDdym.s:807    .text.HAL_SPI_MspInit:0000000000000068 $d
     /tmp/ccMiDdym.s:813    .text.HAL_SPI_MspDeInit:0000000000000000 $t
     /tmp/ccMiDdym.s:820    .text.HAL_SPI_MspDeInit:0000000000000000 HAL_SPI_MspDeInit
     /tmp/ccMiDdym.s:863    .text.HAL_SPI_MspDeInit:0000000000000024 $d
     /tmp/ccMiDdym.s:870    .text.HAL_TIM_Base_MspInit:0000000000000000 $t
     /tmp/ccMiDdym.s:877    .text.HAL_TIM_Base_MspInit:0000000000000000 HAL_TIM_Base_MspInit
     /tmp/ccMiDdym.s:923    .text.HAL_TIM_Base_MspDeInit:0000000000000000 $t
     /tmp/ccMiDdym.s:930    .text.HAL_TIM_Base_MspDeInit:0000000000000000 HAL_TIM_Base_MspDeInit
     /tmp/ccMiDdym.s:958    .text.HAL_TIM_Base_MspDeInit:0000000000000018 $d

UNDEFINED SYMBOLS
HAL_GPIO_Init
HAL_GPIO_DeInit
